2019-10-24 13:09:58: Loading data from plugins/stockpile/data
2019-10-24 13:09:58: Loading data from data
2019-10-24 13:12:06: Loading data from plugins/stockpile/data
2019-10-24 13:12:06: Loading data from data
2019-10-24 13:28:41: Loading data from plugins/stockpile/data
2019-10-24 13:28:41: Loading data from data
2019-10-24 13:44:31: Loading data from data
2019-10-24 13:47:15: Loading data from data
2019-10-24 13:53:20: Loading data from data
2019-10-24 13:54:42: Loading data from data
2019-10-24 13:55:00: Loading data from data
2019-10-24 13:56:35: Loading data from data
2019-10-24 13:57:59: Loading data from plugins/stockpile/data
2019-10-24 13:58:00: Loading data from data
2019-10-24 14:01:05: Loading data from data
2019-10-24 14:12:03: Deleting {'id': 5} from fact
2019-10-24 14:30:19: Loading data from plugins/stockpile/data
2019-10-24 14:30:19: Loading data from plugins/evals_caldera/data
2019-10-24 14:30:19: Loading data from data
2019-10-24 14:32:12: Loading data from data
2019-10-24 14:41:46: Loading data from data
2019-10-24 14:42:34: Loading data from data
2019-10-24 14:50:46: Loading data from plugins/stockpile/data
2019-10-24 14:50:46: Loading data from plugins/evals_caldera/data
2019-10-24 14:50:46: Loading data from data
2019-10-24 14:52:10: Loading data from plugins/stockpile/data
2019-10-24 14:52:10: Loading data from plugins/evals_caldera/data
2019-10-24 14:52:10: Loading data from data
2019-10-24 15:47:34: Loading data from plugins/stockpile/data
2019-10-24 15:47:34: Loading data from plugins/evals_caldera/data
2019-10-24 15:47:34: Loading data from data
2019-10-24 16:29:47: Loading data from data
2019-10-25 13:48:35: Loading data from plugins/stockpile/data
2019-10-25 13:48:35: Loading data from plugins/evals_caldera/data
2019-10-25 13:48:35: Loading data from data
2019-10-25 13:56:26: Loading data from data
2019-10-25 14:10:34: Loading data from data
2019-10-25 14:15:11: Loading data from data
2019-10-25 14:16:29: Loading data from data
2019-10-25 14:16:40: Loading data from data
2019-10-25 14:17:33: Loading data from data
2019-10-25 14:24:14: Loading data from data
2019-10-25 14:28:06: Loading data from plugins/stockpile/data
2019-10-25 14:28:06: Loading data from plugins/evals_caldera/data
2019-10-25 14:28:06: Loading data from data
2019-10-25 14:29:19: Loading data from data
2019-10-25 14:30:14: [!] EXPLODE result: list index out of range
2019-10-25 14:38:03: Loading data from data
2019-10-25 14:38:29: [!] EXPLODE result: list index out of range
2019-10-25 14:48:02: Loading data from data
2019-10-25 14:48:30: [!] EXPLODE result: list index out of range
2019-10-25 14:50:25: Loading data from plugins/stockpile/data
2019-10-25 14:50:25: Loading data from plugins/evals_caldera/data
2019-10-25 14:50:25: Loading data from data
2019-10-25 14:52:13: Loading data from data
2019-10-25 14:52:43: Loading data from plugins/stockpile/data
2019-10-25 14:52:44: Loading data from plugins/evals_caldera/data
2019-10-25 14:52:44: Loading data from data
2019-10-25 15:01:42: Loading data from data
2019-10-25 15:05:02: Loading data from plugins/stockpile/data
2019-10-25 15:05:02: Loading data from plugins/evals_caldera/data
2019-10-25 15:05:02: Loading data from data
2019-10-25 15:05:59: Loading data from plugins/stockpile/data
2019-10-25 15:05:59: Loading data from plugins/evals_caldera/data
2019-10-25 15:05:59: Loading data from data
2019-10-25 15:07:16: Loading data from data
2019-10-25 15:07:40: Loading data from plugins/stockpile/data
2019-10-25 15:07:41: Loading data from plugins/evals_caldera/data
2019-10-25 15:07:41: Loading data from data
2019-10-25 15:26:34: Loading data from data
2019-10-25 15:26:44: Loading data from data
2019-10-25 15:32:01: Loading data from data
2019-10-25 15:32:14: Loading data from data
2019-10-25 15:36:26: Loading data from data
2019-10-25 15:36:49: Loading data from plugins/stockpile/data
2019-10-25 15:36:50: Loading data from plugins/evals_caldera/data
2019-10-25 15:36:50: Loading data from data
2019-10-25 15:40:27: Loading data from plugins/stockpile/data
2019-10-25 15:40:27: Loading data from plugins/evals_caldera/data
2019-10-25 15:40:28: Loading data from data
2019-10-25 15:43:25: Loading data from data
2019-10-25 15:48:04: Loading data from data
2019-10-25 15:51:27: Loading data from data
2019-10-25 15:54:36: Loading data from data
2019-10-25 15:57:52: Loading data from data
2019-10-25 19:59:23: Loading data from plugins/stockpile/data
2019-10-25 19:59:23: Loading data from plugins/evals_caldera/data
2019-10-25 19:59:23: Loading data from data
2019-10-28 15:18:34: Loading data from plugins/stockpile/data
2019-10-28 15:18:35: Loading data from plugins/evals_caldera/data
2019-10-28 15:18:35: Loading data from data
2019-10-28 15:40:46: Loading data from data
2019-10-28 15:44:58: Loading data from data
2019-10-28 16:28:37: Loading data from plugins/stockpile/data
2019-10-28 16:28:37: Loading data from plugins/evals_caldera/data
2019-10-28 16:28:37: Loading data from data
2019-10-28 16:28:41: Loading data from plugins/stockpile/data
2019-10-28 16:28:41: Loading data from plugins/evals_caldera/data
2019-10-28 16:28:41: Loading data from data
2019-10-28 17:00:56: Loading data from plugins/stockpile/data
2019-10-28 17:00:57: Loading data from plugins/evals_caldera/data
2019-10-28 17:00:57: Loading data from data
2019-10-28 17:03:13: Loading data from plugins/stockpile/data
2019-10-28 17:03:13: Loading data from plugins/evals_caldera/data
2019-10-28 17:03:13: Loading data from data
2019-10-28 17:08:42: Loading data from plugins/stockpile/data
2019-10-28 17:08:43: Loading data from plugins/evals_caldera/data
2019-10-28 17:08:43: Loading data from data
2019-10-28 17:14:47: Loading data from plugins/stockpile/data
2019-10-28 17:14:47: Loading data from plugins/evals_caldera/data
2019-10-28 17:14:47: Loading data from data
2019-10-28 17:22:54: Loading data from plugins/stockpile/data
2019-10-28 17:22:54: Loading data from plugins/evals_caldera/data
2019-10-28 17:22:54: Loading data from data
2019-10-28 17:28:15: Loading data from data
2019-10-28 17:35:55: Loading data from plugins/stockpile/data
2019-10-28 17:35:55: Loading data from plugins/evals_caldera/data
2019-10-28 17:35:55: Loading data from data
2019-10-28 17:37:31: Loading data from plugins/stockpile/data
2019-10-28 17:37:31: Loading data from plugins/evals_caldera/data
2019-10-28 17:37:31: Loading data from data
2019-10-28 17:39:09: Loading data from data
2019-10-28 17:45:53: Loading data from plugins/stockpile/data
2019-10-28 17:45:54: Loading data from plugins/evals_caldera/data
2019-10-28 17:45:54: Loading data from data
2019-10-28 17:47:08: Loading data from data
2019-10-28 18:28:41: Loading data from plugins/stockpile/data
2019-10-28 18:28:42: Loading data from plugins/evals_caldera/data
2019-10-28 18:28:42: Loading data from data
2019-10-28 18:30:16: Loading data from data
2019-10-28 18:47:06: Loading data from data
2019-10-28 18:47:56: Loading data from data
2019-10-28 19:41:32: Loading data from plugins/stockpile/data
2019-10-28 19:41:32: Loading data from plugins/evals_caldera/data
2019-10-28 19:41:37: Loading data from plugins/stockpile/data
2019-10-28 19:41:37: Loading data from plugins/evals_caldera/data
2019-10-28 19:41:46: Loading data from plugins/stockpile/data
2019-10-28 19:41:46: Loading data from plugins/evals_caldera/data
2019-10-28 19:41:54: Loading data from plugins/stockpile/data
2019-10-28 19:41:55: Loading data from plugins/evals_caldera/data
2019-10-28 19:42:21: Loading data from plugins/stockpile/data
2019-10-28 19:42:22: Loading data from plugins/evals_caldera/data
2019-10-28 19:42:44: Loading data from plugins/stockpile/data
2019-10-28 19:42:44: Loading data from plugins/evals_caldera/data
2019-10-28 19:43:26: Loading data from plugins/stockpile/data
2019-10-28 19:43:26: Loading data from plugins/evals_caldera/data
2019-10-28 19:45:27: Loading data from plugins/stockpile/data
2019-10-28 19:45:27: Loading data from plugins/evals_caldera/data
2019-10-28 19:46:22: Loading data from plugins/stockpile/data
2019-10-28 19:46:23: Loading data from plugins/evals_caldera/data
2019-10-28 19:46:23: Loading data from data
2019-10-28 20:38:04: Loading data from plugins/stockpile/data
2019-10-28 20:38:04: Loading data from plugins/evals_caldera/data
2019-10-28 20:38:04: Loading data from data
2019-10-28 20:39:35: Loading data from data
2019-10-29 06:04:08: Loading data from plugins/stockpile/data
2019-10-29 06:04:08: Loading data from plugins/evals_caldera/data
2019-10-29 06:04:08: Loading data from data
2019-10-29 06:14:11: Loading data from plugins/stockpile/data
2019-10-29 06:14:11: Loading data from plugins/evals_caldera/data
2019-10-29 06:14:11: Loading data from data
2019-10-29 06:15:28: Loading data from plugins/stockpile/data
2019-10-29 06:15:28: Loading data from plugins/evals_caldera/data
2019-10-29 06:15:28: Loading data from data
2019-10-29 06:15:41: Loading data from plugins/stockpile/data
2019-10-29 06:15:41: Loading data from plugins/evals_caldera/data
2019-10-29 06:15:41: Loading data from data
2019-10-29 06:16:47: Loading data from plugins/stockpile/data
2019-10-29 06:16:47: Loading data from plugins/evals_caldera/data
2019-10-29 06:16:47: Loading data from data
2019-10-29 06:17:11: Loading data from plugins/stockpile/data
2019-10-29 06:17:11: Loading data from plugins/evals_caldera/data
2019-10-29 06:17:11: Loading data from data
2019-10-29 06:17:15: Loading data from plugins/stockpile/data
2019-10-29 06:17:15: Loading data from plugins/evals_caldera/data
2019-10-29 06:17:15: Loading data from data
2019-10-29 06:18:31: Loading data from plugins/stockpile/data
2019-10-29 06:18:31: Loading data from plugins/evals_caldera/data
2019-10-29 06:18:32: Loading data from data
2019-10-29 06:21:18: Loading data from plugins/stockpile/data
2019-10-29 06:21:18: Loading data from plugins/evals_caldera/data
2019-10-29 06:21:18: Loading data from data
2019-10-29 06:24:55: Loading data from plugins/stockpile/data
2019-10-29 06:24:55: Loading data from plugins/evals_caldera/data
2019-10-29 06:24:55: Loading data from data
2019-10-29 06:26:02: Loading data from plugins/stockpile/data
2019-10-29 06:26:02: Loading data from plugins/evals_caldera/data
2019-10-29 06:26:02: Loading data from data
2019-10-29 06:26:24: Loading data from plugins/stockpile/data
2019-10-29 06:26:24: Loading data from plugins/evals_caldera/data
2019-10-29 06:26:24: Loading data from data
2019-10-29 06:27:21: Loading data from plugins/stockpile/data
2019-10-29 06:27:21: Loading data from plugins/evals_caldera/data
2019-10-29 06:27:21: Loading data from data
2019-10-29 06:30:17: Loading data from plugins/stockpile/data
2019-10-29 06:30:17: Loading data from plugins/evals_caldera/data
2019-10-29 06:30:17: Loading data from data
2019-10-29 06:30:39: Loading data from plugins/stockpile/data
2019-10-29 06:30:39: Loading data from plugins/evals_caldera/data
2019-10-29 06:30:39: Loading data from data
2019-10-29 06:30:42: Loading data from plugins/stockpile/data
2019-10-29 06:30:42: Loading data from plugins/evals_caldera/data
2019-10-29 06:30:42: Loading data from data
2019-10-29 06:30:55: Loading data from plugins/stockpile/data
2019-10-29 06:30:55: Loading data from plugins/evals_caldera/data
2019-10-29 06:30:55: Loading data from data
2019-10-29 06:33:45: Loading data from plugins/stockpile/data
2019-10-29 06:33:45: Loading data from plugins/evals_caldera/data
2019-10-29 06:33:45: Loading data from data
2019-10-29 06:34:39: Loading data from plugins/stockpile/data
2019-10-29 06:34:39: Loading data from plugins/evals_caldera/data
2019-10-29 06:34:39: Loading data from data
2019-10-29 06:35:18: Loading data from plugins/stockpile/data
2019-10-29 06:35:18: Loading data from plugins/evals_caldera/data
2019-10-29 06:35:18: Loading data from data
2019-10-29 06:35:23: Loading data from plugins/stockpile/data
2019-10-29 06:35:23: Loading data from plugins/evals_caldera/data
2019-10-29 06:35:23: Loading data from data
2019-10-29 06:35:54: Loading data from plugins/stockpile/data
2019-10-29 06:35:54: Loading data from plugins/evals_caldera/data
2019-10-29 06:35:55: Loading data from data
2019-10-29 06:36:24: Loading data from plugins/stockpile/data
2019-10-29 06:36:25: Loading data from plugins/evals_caldera/data
2019-10-29 06:36:25: Loading data from data
2019-10-29 06:36:33: Loading data from plugins/stockpile/data
2019-10-29 06:36:34: Loading data from plugins/evals_caldera/data
2019-10-29 06:36:34: Loading data from data
2019-10-29 06:40:15: Loading data from plugins/stockpile/data
2019-10-29 06:40:16: Loading data from plugins/evals_caldera/data
2019-10-29 06:40:16: Loading data from data
2019-10-29 06:41:28: Loading data from data
2019-10-29 06:46:17: Loading data from data
2019-10-29 06:51:43: Deleting {'id': '1'} from agent
2019-10-29 06:57:08: Loading data from plugins/stockpile/data
2019-10-29 06:57:08: Loading data from plugins/evals_caldera/data
2019-10-29 06:57:09: Loading data from data
2019-10-29 07:02:05: Loading data from plugins/stockpile/data
2019-10-29 07:02:05: Loading data from plugins/evals_caldera/data
2019-10-29 07:02:05: Loading data from data
2019-10-29 07:12:14: Loading data from plugins/stockpile/data
2019-10-29 07:12:14: Loading data from plugins/evals_caldera/data
2019-10-29 07:12:14: Loading data from data
2019-10-29 07:21:28: Loading data from plugins/stockpile/data
2019-10-29 07:21:28: Loading data from plugins/evals_caldera/data
2019-10-29 07:21:28: Loading data from data
2019-10-29 07:29:20: Loading data from plugins/stockpile/data
2019-10-29 07:29:20: Loading data from plugins/evals_caldera/data
2019-10-29 07:29:21: Loading data from data
2019-10-29 07:30:46: Loading data from plugins/stockpile/data
2019-10-29 07:30:46: Loading data from plugins/evals_caldera/data
2019-10-29 07:30:46: Loading data from data
2019-10-29 07:36:29: Loading data from data
2019-10-29 07:38:22: Loading data from data
2019-10-29 07:56:26: Loading data from data
2019-10-29 08:07:07: Loading data from plugins/stockpile/data
2019-10-29 08:07:07: Loading data from plugins/evals_caldera/data
2019-10-29 08:07:07: Loading data from data
2019-10-29 08:08:36: Loading data from data
2019-10-29 08:21:44: Loading data from plugins/stockpile/data
2019-10-29 08:21:44: Loading data from plugins/evals_caldera/data
2019-10-29 08:21:45: Loading data from data
2019-10-29 08:24:17: Loading data from plugins/stockpile/data
2019-10-29 08:24:17: Loading data from plugins/evals_caldera/data
2019-10-29 08:25:18: Loading data from plugins/stockpile/data
2019-10-29 08:25:19: Loading data from plugins/evals_caldera/data
2019-10-29 08:25:50: Loading data from plugins/stockpile/data
2019-10-29 08:25:50: Loading data from plugins/evals_caldera/data
2019-10-29 08:26:42: Loading data from plugins/stockpile/data
2019-10-29 08:26:42: Loading data from plugins/evals_caldera/data
2019-10-29 08:27:22: Loading data from plugins/stockpile/data
2019-10-29 08:27:22: Loading data from plugins/evals_caldera/data
2019-10-29 08:27:23: Loading data from data
2019-10-29 08:27:46: Loading data from plugins/stockpile/data
2019-10-29 08:27:46: Loading data from plugins/evals_caldera/data
2019-10-29 08:27:47: Loading data from data
2019-10-29 08:30:42: Loading data from plugins/stockpile/data
2019-10-29 08:30:42: Loading data from plugins/evals_caldera/data
2019-10-29 08:30:42: Loading data from data
2019-10-29 08:39:18: Loading data from plugins/stockpile/data
2019-10-29 08:39:18: Loading data from plugins/evals_caldera/data
2019-10-29 08:39:18: Loading data from data
2019-10-29 08:41:47: Loading data from plugins/stockpile/data
2019-10-29 08:41:48: Loading data from plugins/evals_caldera/data
2019-10-29 08:41:48: Loading data from data
2019-10-29 08:42:56: Loading data from plugins/stockpile/data
2019-10-29 08:42:57: Loading data from plugins/evals_caldera/data
2019-10-29 08:42:57: Loading data from data
2019-10-29 08:43:38: Loading data from data
2019-10-29 08:49:13: Loading data from data
2019-10-29 09:00:13: Loading data from plugins/stockpile/data
2019-10-29 09:00:14: Loading data from plugins/evals_caldera/data
2019-10-29 09:00:14: Loading data from data
2019-10-29 09:25:09: Loading data from plugins/stockpile/data
2019-10-29 09:25:09: Loading data from plugins/evals_caldera/data
2019-10-29 09:25:57: Loading data from plugins/stockpile/data
2019-10-29 09:25:58: Loading data from plugins/evals_caldera/data
2019-10-29 09:26:04: Loading data from plugins/stockpile/data
2019-10-29 09:26:04: Loading data from plugins/evals_caldera/data
2019-10-29 09:26:46: Loading data from plugins/stockpile/data
2019-10-29 09:26:46: Loading data from plugins/evals_caldera/data
2019-10-29 09:26:59: Loading data from plugins/stockpile/data
2019-10-29 09:26:59: Loading data from plugins/evals_caldera/data
2019-10-29 09:26:59: Loading data from data
2019-10-29 09:27:09: Loading data from plugins/stockpile/data
2019-10-29 09:27:09: Loading data from plugins/evals_caldera/data
2019-10-29 09:27:09: Loading data from data
2019-10-29 09:28:37: Loading data from plugins/stockpile/data
2019-10-29 09:28:37: Loading data from plugins/evals_caldera/data
2019-10-29 09:28:37: Loading data from data
2019-10-29 09:30:12: Loading data from data
2019-10-29 09:34:12: Loading data from plugins/stockpile/data
2019-10-29 09:34:12: Loading data from plugins/evals_caldera/data
2019-10-29 09:34:12: Loading data from data
2019-10-29 14:37:47: Loading data from plugins/stockpile/data
2019-10-29 14:37:48: Loading data from plugins/evals_caldera/data
2019-10-29 14:37:48: Loading data from data
2019-10-29 14:37:53: Loading data from plugins/stockpile/data
2019-10-29 14:37:53: Loading data from plugins/evals_caldera/data
2019-10-29 14:37:53: Loading data from data
2019-10-29 14:59:23: Loading data from data
2019-10-29 15:02:02: Loading data from data
2019-10-29 15:12:12: Loading data from data
2019-10-29 15:13:25: Loading data from data
2019-10-29 15:35:54: Loading data from plugins/stockpile/data
2019-10-29 15:36:21: Loading data from plugins/stockpile/data
2019-10-29 15:38:22: Loading data from plugins/stockpile/data
2019-10-29 15:38:23: Loading data from plugins/evals_caldera/data
2019-10-29 15:38:23: Loading data from data
2019-10-29 15:39:58: Loading data from plugins/stockpile/data
2019-10-29 15:39:58: Loading data from plugins/evals_caldera/data
2019-10-29 15:40:53: Loading data from plugins/stockpile/data
2019-10-29 15:40:53: Loading data from plugins/evals_caldera/data
2019-10-29 15:41:08: Loading data from plugins/stockpile/data
2019-10-29 15:41:08: Loading data from plugins/evals_caldera/data
2019-10-29 15:41:08: Loading data from data
2019-10-29 15:41:43: Loading data from plugins/stockpile/data
2019-10-29 15:41:43: Loading data from plugins/evals_caldera/data
2019-10-29 15:42:01: Loading data from plugins/stockpile/data
2019-10-29 15:42:02: Loading data from plugins/evals_caldera/data
2019-10-29 15:42:02: Loading data from data
2019-10-29 15:43:16: Loading data from plugins/stockpile/data
2019-10-29 15:43:17: Loading data from plugins/evals_caldera/data
2019-10-29 15:43:17: Loading data from data
2019-10-29 15:45:49: Loading data from plugins/stockpile/data
2019-10-29 15:45:49: Loading data from plugins/evals_caldera/data
2019-10-29 15:45:49: Loading data from data
2019-10-29 15:47:43: Loading data from plugins/stockpile/data
2019-10-29 15:47:43: Loading data from plugins/evals_caldera/data
2019-10-29 15:47:44: Loading data from data
2019-10-29 15:49:24: Loading data from data
2019-10-29 15:51:16: Loading data from plugins/stockpile/data
2019-10-29 15:51:17: Loading data from plugins/evals_caldera/data
2019-10-29 15:51:17: Loading data from data
2019-10-29 15:54:00: Loading data from plugins/stockpile/data
2019-10-29 15:54:01: Loading data from plugins/evals_caldera/data
2019-10-29 15:54:01: Loading data from data
2019-10-29 16:36:08: Loading data from plugins/stockpile/data
2019-10-29 16:36:08: Loading data from plugins/evals_caldera/data
2019-10-29 16:36:53: Loading data from plugins/stockpile/data
2019-10-29 16:36:54: Loading data from plugins/evals_caldera/data
2019-10-29 16:38:08: Loading data from plugins/stockpile/data
2019-10-29 16:38:09: Loading data from plugins/evals_caldera/data
2019-10-29 16:38:49: Loading data from plugins/stockpile/data
2019-10-29 16:38:49: Loading data from plugins/evals_caldera/data
2019-10-29 16:40:04: Loading data from plugins/stockpile/data
2019-10-29 16:40:04: Loading data from plugins/evals_caldera/data
2019-10-29 16:40:46: Loading data from plugins/stockpile/data
2019-10-29 16:40:46: Loading data from plugins/evals_caldera/data
2019-10-29 16:41:15: Loading data from plugins/stockpile/data
2019-10-29 16:41:15: Loading data from plugins/evals_caldera/data
2019-10-29 16:41:16: Loading data from data
2019-10-29 16:42:44: Loading data from plugins/stockpile/data
2019-10-29 16:42:44: Loading data from plugins/evals_caldera/data
2019-10-29 16:43:30: Loading data from plugins/stockpile/data
2019-10-29 16:43:30: Loading data from plugins/evals_caldera/data
2019-10-29 16:43:52: Loading data from plugins/stockpile/data
2019-10-29 16:43:53: Loading data from plugins/evals_caldera/data
2019-10-29 16:44:34: Loading data from plugins/stockpile/data
2019-10-29 16:44:34: Loading data from plugins/evals_caldera/data
2019-10-29 16:44:54: Loading data from plugins/stockpile/data
2019-10-29 16:44:55: Loading data from plugins/evals_caldera/data
2019-10-29 16:45:31: Loading data from plugins/stockpile/data
2019-10-29 16:45:31: Loading data from plugins/evals_caldera/data
2019-10-29 16:45:49: Loading data from plugins/stockpile/data
2019-10-29 16:45:49: Loading data from plugins/evals_caldera/data
2019-10-29 16:45:49: Loading data from data
2019-10-29 16:48:24: Loading data from plugins/stockpile/data
2019-10-29 16:48:24: Loading data from plugins/evals_caldera/data
2019-10-29 16:48:25: Loading data from data
2019-10-29 16:53:21: Loading data from plugins/stockpile/data
2019-10-29 16:53:21: Loading data from plugins/evals_caldera/data
2019-10-29 16:53:22: Loading data from data
2019-10-29 16:57:49: Loading data from plugins/stockpile/data
2019-10-29 16:57:49: Loading data from plugins/evals_caldera/data
2019-10-29 16:57:49: Loading data from data
2019-10-29 16:59:36: Loading data from plugins/stockpile/data
2019-10-29 16:59:36: Loading data from plugins/evals_caldera/data
2019-10-29 16:59:36: Loading data from data
2019-10-29 17:06:13: Loading data from plugins/stockpile/data
2019-10-29 17:06:13: Loading data from plugins/evals_caldera/data
2019-10-29 17:06:13: Loading data from data
2019-10-29 17:16:47: Loading data from plugins/stockpile/data
2019-10-29 17:16:47: Loading data from plugins/evals_caldera/data
2019-10-29 17:16:47: Loading data from data
2019-10-29 18:04:39: Loading data from plugins/stockpile/data
2019-10-29 18:04:39: Loading data from plugins/evals_caldera/data
2019-10-29 18:04:39: Loading data from data
2019-10-29 18:09:42: Loading data from plugins/stockpile/data
2019-10-29 18:09:42: Loading data from plugins/evals_caldera/data
2019-10-29 18:09:42: Loading data from data
2019-10-29 18:14:17: Loading data from plugins/stockpile/data
2019-10-29 18:14:17: Loading data from plugins/evals_caldera/data
2019-10-29 18:14:17: Loading data from data
2019-10-29 18:15:05: Loading data from data
2019-10-29 18:16:48: Loading data from plugins/stockpile/data
2019-10-29 18:16:48: Loading data from plugins/evals_caldera/data
2019-10-29 18:16:48: Loading data from data
2019-10-29 18:33:23: Loading data from plugins/stockpile/data
2019-10-29 18:33:24: Loading data from plugins/evals_caldera/data
2019-10-29 18:33:57: Loading data from plugins/stockpile/data
2019-10-29 18:33:57: Loading data from plugins/evals_caldera/data
2019-10-29 18:34:19: Loading data from plugins/stockpile/data
2019-10-29 18:34:19: Loading data from plugins/evals_caldera/data
2019-10-29 18:35:08: Loading data from plugins/stockpile/data
2019-10-29 18:35:09: Loading data from plugins/evals_caldera/data
2019-10-29 18:35:30: Loading data from plugins/stockpile/data
2019-10-29 18:35:30: Loading data from plugins/evals_caldera/data
2019-10-29 18:35:30: Loading data from data
2019-10-30 15:04:50: Loading data from plugins/stockpile/data
2019-10-30 15:04:50: Loading data from plugins/evals_caldera/data
2019-10-30 15:04:51: Loading data from data
2019-10-30 15:07:26: Loading data from plugins/stockpile/data
2019-10-30 15:07:27: Loading data from plugins/evals_caldera/data
2019-10-30 15:07:27: Loading data from data
2019-10-30 15:10:20: Loading data from data
2019-10-30 15:31:39: Loading data from plugins/stockpile/data
2019-10-30 15:31:39: Loading data from plugins/evals_caldera/data
2019-10-30 15:31:40: Loading data from data
2019-10-30 15:34:09: Loading data from plugins/stockpile/data
2019-10-30 15:34:10: Loading data from plugins/evals_caldera/data
2019-10-30 15:34:10: Loading data from data
2019-10-30 15:39:29: Loading data from plugins/stockpile/data
2019-10-30 15:39:29: Loading data from plugins/evals_caldera/data
2019-10-30 15:39:30: Loading data from data
2019-10-30 15:42:22: Loading data from plugins/stockpile/data
2019-10-30 15:42:22: Loading data from plugins/evals_caldera/data
2019-10-30 15:42:23: Loading data from data
2019-10-30 15:46:19: Loading data from plugins/stockpile/data
2019-10-30 15:46:19: Loading data from plugins/evals_caldera/data
2019-10-30 15:46:20: Loading data from data
2019-10-30 16:57:43: Loading data from plugins/stockpile/data
2019-10-30 16:57:43: Loading data from plugins/evals_caldera/data
2019-10-30 16:57:43: Loading data from data
2019-10-30 16:59:28: Loading data from data
2019-10-30 17:02:49: Loading data from plugins/stockpile/data
2019-10-30 17:02:49: Loading data from plugins/evals_caldera/data
2019-10-30 17:02:49: Loading data from data
2019-10-30 17:08:45: Loading data from plugins/stockpile/data
2019-10-30 17:08:45: Loading data from plugins/evals_caldera/data
2019-10-30 17:08:46: Loading data from data
2019-10-30 17:13:48: Loading data from plugins/stockpile/data
2019-10-30 17:13:49: Loading data from plugins/evals_caldera/data
2019-10-30 17:13:49: Loading data from data
2019-10-30 17:21:55: Loading data from plugins/stockpile/data
2019-10-30 17:21:55: Loading data from plugins/evals_caldera/data
2019-10-30 17:21:55: Loading data from data
2019-10-30 17:24:02: Loading data from plugins/stockpile/data
2019-10-30 17:24:02: Loading data from plugins/evals_caldera/data
2019-10-30 17:24:02: Loading data from data
2019-10-30 17:31:58: Loading data from plugins/stockpile/data
2019-10-30 17:31:58: Loading data from plugins/evals_caldera/data
2019-10-30 17:31:59: Loading data from data
2019-10-30 17:39:18: Loading data from plugins/stockpile/data
2019-10-30 17:39:18: Loading data from plugins/evals_caldera/data
2019-10-30 17:39:18: Loading data from data
2019-10-30 17:41:44: Loading data from data
2019-10-30 17:54:27: Loading data from plugins/stockpile/data
2019-10-30 17:54:27: Loading data from plugins/evals_caldera/data
2019-10-30 17:54:50: Loading data from plugins/stockpile/data
2019-10-30 17:54:50: Loading data from plugins/evals_caldera/data
2019-10-30 17:54:51: Loading data from data
2019-10-30 18:14:30: Loading data from data
2019-10-30 18:38:07: Loading data from plugins/stockpile/data
2019-10-30 18:38:07: Loading data from plugins/evals_caldera/data
2019-10-30 18:38:08: Loading data from data
2019-10-30 18:39:34: Loading data from plugins/stockpile/data
2019-10-30 18:39:34: Loading data from plugins/evals_caldera/data
2019-10-30 18:39:34: Loading data from data
2019-10-30 18:40:44: Loading data from data
2019-10-30 19:16:03: Loading data from plugins/stockpile/data
2019-10-30 19:16:03: Loading data from plugins/evals_caldera/data
2019-10-30 19:16:03: Loading data from data
2019-10-30 19:27:00: Loading data from plugins/stockpile/data
2019-10-30 19:27:00: Loading data from plugins/evals_caldera/data
2019-10-30 19:27:00: Loading data from data
2019-10-30 19:38:17: Loading data from plugins/stockpile/data
2019-10-30 19:38:17: Loading data from plugins/evals_caldera/data
2019-10-30 19:38:17: Loading data from data
2019-10-30 19:43:29: Loading data from plugins/stockpile/data
2019-10-30 19:43:29: Loading data from plugins/evals_caldera/data
2019-10-30 19:43:29: Loading data from data
2019-10-30 19:46:24: Loading data from plugins/stockpile/data
2019-10-30 19:46:24: Loading data from plugins/evals_caldera/data
2019-10-30 19:46:24: Loading data from data
2019-10-30 19:46:45: Loading data from plugins/stockpile/data
2019-10-30 19:46:46: Loading data from plugins/evals_caldera/data
2019-10-30 19:46:46: Loading data from data
2019-10-30 19:49:31: Loading data from data
2019-10-30 19:55:19: Loading data from plugins/stockpile/data
2019-10-30 19:55:20: Loading data from plugins/evals_caldera/data
2019-10-30 19:55:20: Loading data from data
2019-10-30 19:59:20: Loading data from plugins/stockpile/data
2019-10-30 19:59:20: Loading data from plugins/evals_caldera/data
2019-10-30 19:59:20: Loading data from data
2019-10-30 20:21:45: Loading data from plugins/stockpile/data
2019-10-30 20:21:45: Loading data from plugins/evals_caldera/data
2019-10-30 20:21:45: Loading data from data
2019-10-30 20:22:50: Loading data from data
2019-10-30 20:31:07: Loading data from plugins/stockpile/data
2019-10-30 20:31:07: Loading data from plugins/evals_caldera/data
2019-10-30 20:31:07: Loading data from data
2019-10-30 20:39:22: Loading data from data
2019-10-30 20:49:19: Loading data from data
2019-10-31 13:11:24: Loading data from plugins/stockpile/data
2019-10-31 13:11:25: Loading data from plugins/evals_caldera/data
2019-10-31 13:11:25: Loading data from data
2019-10-31 13:30:13: Loading data from plugins/stockpile/data
2019-10-31 13:30:13: Loading data from plugins/evals_caldera/data
2019-10-31 13:30:13: Loading data from data
2019-10-31 13:38:40: Loading data from plugins/stockpile/data
2019-10-31 13:38:40: Loading data from plugins/evals_caldera/data
2019-10-31 13:38:40: Loading data from data
2019-10-31 14:14:25: Loading data from plugins/stockpile/data
2019-10-31 14:14:25: Loading data from plugins/evals_caldera/data
2019-10-31 14:14:26: Loading data from data
2019-10-31 14:18:37: Loading data from plugins/stockpile/data
2019-10-31 14:18:38: Loading data from plugins/evals_caldera/data
2019-10-31 14:18:38: Loading data from data
2019-10-31 14:32:05: Loading data from data
2019-10-31 14:32:50: Loading data from data
2019-10-31 15:27:29: Loading data from data
2019-10-31 15:37:42: Loading data from data
2019-10-31 15:38:54: Loading data from plugins/stockpile/data
2019-10-31 15:38:54: Loading data from plugins/evals_caldera/data
2019-10-31 15:39:01: Loading data from plugins/stockpile/data
2019-10-31 15:39:01: Loading data from plugins/evals_caldera/data
2019-10-31 15:40:34: Loading data from plugins/stockpile/data
2019-10-31 15:40:34: Loading data from plugins/evals_caldera/data
2019-10-31 15:42:39: Loading data from plugins/stockpile/data
2019-10-31 15:42:39: Loading data from plugins/evals_caldera/data
2019-10-31 15:46:33: Loading data from plugins/stockpile/data
2019-10-31 15:46:33: Loading data from plugins/evals_caldera/data
2019-10-31 15:46:33: Loading data from data
2019-10-31 15:55:00: Loading data from plugins/stockpile/data
2019-10-31 15:55:00: Loading data from plugins/evals_caldera/data
2019-10-31 15:55:00: Loading data from data
2019-10-31 18:41:24: Loading data from plugins/stockpile/data
2019-10-31 18:41:24: Loading data from plugins/evals_caldera/data
2019-10-31 18:41:25: Loading data from data
2019-11-04 15:38:15: Loading data from plugins/stockpile/data
2019-11-04 15:38:16: Loading data from plugins/evals_caldera/data
2019-11-04 15:38:16: Loading data from data
2019-11-04 19:47:13: Loading data from plugins/stockpile/data
2019-11-04 19:47:13: Loading data from plugins/evals_caldera/data
2019-11-04 19:47:13: Loading data from data
2019-11-04 19:47:20: Loading data from plugins/stockpile/data
2019-11-04 19:47:20: Loading data from plugins/evals_caldera/data
2019-11-04 19:47:20: Loading data from data
2019-11-04 19:58:10: Loading data from plugins/stockpile/data
2019-11-04 19:58:10: Loading data from plugins/evals_caldera/data
2019-11-04 19:58:10: Loading data from data
2019-11-04 20:18:56: Loading data from plugins/stockpile/data
2019-11-04 20:18:56: Loading data from plugins/evals_caldera/data
2019-11-04 20:18:57: Loading data from data
2019-11-04 20:23:03: Loading data from plugins/stockpile/data
2019-11-04 20:23:03: Loading data from plugins/evals_caldera/data
2019-11-04 20:23:03: Loading data from data
2019-11-04 20:34:39: Loading data from plugins/stockpile/data
2019-11-04 20:34:39: Loading data from plugins/evals_caldera/data
2019-11-04 20:34:39: Loading data from data
