2019-10-24 13:09:58: Located 0f4c3c67-845e-49a0-927e-90ed33c044e0.yml
2019-10-24 13:09:58: Located 1a98b8e6-18ce-4617-8cc5-e65a1a9d490e.yml
2019-10-24 13:12:06: Located 0f4c3c67-845e-49a0-927e-90ed33c044e0.yml
2019-10-24 13:12:06: Located 1a98b8e6-18ce-4617-8cc5-e65a1a9d490e.yml
2019-10-24 13:24:48: Located sandcat.go-windows
2019-10-24 13:25:29: Located sandcat.go-windows
2019-10-24 13:26:12: Located sandcat.go-windows
2019-10-24 13:28:41: Located 0f4c3c67-845e-49a0-927e-90ed33c044e0.yml
2019-10-24 13:28:41: Located 1a98b8e6-18ce-4617-8cc5-e65a1a9d490e.yml
2019-10-24 13:34:10: Located sandcat.go-windows
2019-10-24 13:36:18: Located sandcat.go-windows
2019-10-24 13:40:00: Located sandcat.go-windows
2019-10-24 13:42:13: Located sandcat.go-windows
2019-10-24 13:44:31: Located 3b5db901-2cb8-4df7-8043-c4628a6a5d5a.yml
2019-10-24 13:47:15: Located c6607391-d02c-44b5-9b13-d3492ca58599.yml
2019-10-24 13:53:20: Located c1cd6388-3ced-48c7-a511-0434c6ba8f48.yml
2019-10-24 13:55:00: Located 817518f1-6f4e-46ea-b313-2200cf960ae9.yml
2019-10-24 13:56:35: Located 817518f1-6f4e-46ea-b313-2200cf960ae9.yml
2019-10-24 13:58:00: Located 0f4c3c67-845e-49a0-927e-90ed33c044e0.yml
2019-10-24 13:58:00: Located 1a98b8e6-18ce-4617-8cc5-e65a1a9d490e.yml
2019-10-24 14:01:05: Located b43cc90c-5c08-4833-8144-09063e2e1ae2.yml
2019-10-24 14:01:44: Located sandcat.go-windows
2019-10-24 14:30:19: Located 0f4c3c67-845e-49a0-927e-90ed33c044e0.yml
2019-10-24 14:30:19: Located 1a98b8e6-18ce-4617-8cc5-e65a1a9d490e.yml
2019-10-24 14:32:12: Located e55da81a-9ce7-4da8-8313-074362fd5dee.yml
2019-10-24 14:41:46: Located ee08a427-1e1d-4d8a-aeb1-978a7fcf9087.yml
2019-10-24 14:42:34: Located 80e9c544-c5ea-423d-b4f3-c0de3c2947ba.yml
2019-10-24 14:50:46: Located 0f4c3c67-845e-49a0-927e-90ed33c044e0.yml
2019-10-24 14:50:46: Located 1a98b8e6-18ce-4617-8cc5-e65a1a9d490e.yml
2019-10-24 14:52:10: Located 0f4c3c67-845e-49a0-927e-90ed33c044e0.yml
2019-10-24 14:52:10: Located 1a98b8e6-18ce-4617-8cc5-e65a1a9d490e.yml
2019-10-24 14:52:40: Located sandcat.go-windows
2019-10-24 14:54:39: Located ps.ps1
2019-10-24 15:33:39: Located update.ps1
2019-10-24 15:33:39: Located Invoke-BypassUACTokenManipulation.ps1
2019-10-24 15:47:34: Located 0f4c3c67-845e-49a0-927e-90ed33c044e0.yml
2019-10-24 15:47:34: Located 1a98b8e6-18ce-4617-8cc5-e65a1a9d490e.yml
2019-10-24 16:29:47: Located 315cedf1-4a3a-4015-b63f-149d64bacbbc.yml
2019-10-25 13:48:35: Located 0f4c3c67-845e-49a0-927e-90ed33c044e0.yml
2019-10-25 13:48:35: Located 1a98b8e6-18ce-4617-8cc5-e65a1a9d490e.yml
2019-10-25 14:00:26: Located sandcat.go-windows
2019-10-25 14:10:34: Located f0c036d1-7f07-495e-864e-c07d5c477226.yml
2019-10-25 14:15:11: Located 3796a00b-b11d-4731-b4ca-275a07d83299.yml
2019-10-25 14:16:29: Located f0c036d1-7f07-495e-864e-c07d5c477226.yml
2019-10-25 14:17:33: Located c4115aac-6fd6-456f-a3dc-f7c847eff44c.yml
2019-10-25 14:24:14: Located f0c036d1-7f07-495e-864e-c07d5c477226.yml
2019-10-25 14:28:06: Located 0f4c3c67-845e-49a0-927e-90ed33c044e0.yml
2019-10-25 14:28:06: Located 1a98b8e6-18ce-4617-8cc5-e65a1a9d490e.yml
2019-10-25 14:30:00: Located sandcat.go-windows
2019-10-25 14:38:03: Located 3796a00b-b11d-4731-b4ca-275a07d83299.yml
2019-10-25 14:48:02: Located 3796a00b-b11d-4731-b4ca-275a07d83299.yml
2019-10-25 14:50:25: Located 0f4c3c67-845e-49a0-927e-90ed33c044e0.yml
2019-10-25 14:50:25: Located 1a98b8e6-18ce-4617-8cc5-e65a1a9d490e.yml
2019-10-25 14:52:13: Located 3796a00b-b11d-4731-b4ca-275a07d83299.yml
2019-10-25 14:52:44: Located 0f4c3c67-845e-49a0-927e-90ed33c044e0.yml
2019-10-25 14:52:44: Located 1a98b8e6-18ce-4617-8cc5-e65a1a9d490e.yml
2019-10-25 15:01:42: Located 3796a00b-b11d-4731-b4ca-275a07d83299.yml
2019-10-25 15:05:02: Located 0f4c3c67-845e-49a0-927e-90ed33c044e0.yml
2019-10-25 15:05:02: Located 1a98b8e6-18ce-4617-8cc5-e65a1a9d490e.yml
2019-10-25 15:05:59: Located 0f4c3c67-845e-49a0-927e-90ed33c044e0.yml
2019-10-25 15:05:59: Located 1a98b8e6-18ce-4617-8cc5-e65a1a9d490e.yml
2019-10-25 15:07:16: Located b6ee7dd8-3183-4007-a4ae-b0d56870f1ba.yml
2019-10-25 15:07:41: Located 0f4c3c67-845e-49a0-927e-90ed33c044e0.yml
2019-10-25 15:07:41: Located 1a98b8e6-18ce-4617-8cc5-e65a1a9d490e.yml
2019-10-25 15:32:01: Located e9eb2504-8552-4d9b-b258-0794fde26397.yml
2019-10-25 15:32:14: Located e9eb2504-8552-4d9b-b258-0794fde26397.yml
2019-10-25 15:36:26: Located e9eb2504-8552-4d9b-b258-0794fde26397.yml
2019-10-25 15:36:50: Located 0f4c3c67-845e-49a0-927e-90ed33c044e0.yml
2019-10-25 15:36:50: Located 1a98b8e6-18ce-4617-8cc5-e65a1a9d490e.yml
2019-10-25 15:40:27: Located 0f4c3c67-845e-49a0-927e-90ed33c044e0.yml
2019-10-25 15:40:27: Located 1a98b8e6-18ce-4617-8cc5-e65a1a9d490e.yml
2019-10-25 18:36:31: Located sandcat.go-windows
2019-10-25 18:37:09: Located sandcat.go-windows
2019-10-25 18:43:28: Located sandcat.go-windows
2019-10-25 19:08:59: Located wifi.ps1
2019-10-25 19:59:23: Located 0f4c3c67-845e-49a0-927e-90ed33c044e0.yml
2019-10-25 19:59:23: Located 1a98b8e6-18ce-4617-8cc5-e65a1a9d490e.yml
2019-10-25 20:07:00: Located ps.ps1
2019-10-28 15:18:35: Located 0f4c3c67-845e-49a0-927e-90ed33c044e0.yml
2019-10-28 15:18:35: Located 1a98b8e6-18ce-4617-8cc5-e65a1a9d490e.yml
2019-10-28 15:40:46: Located 1c353eb4-29ab-4dfe-88ed-f34f5a60848e.yml
2019-10-28 15:44:58: Located d5170a60-3bdc-44e0-9870-a38db5c0cf81.yml
2019-10-28 16:28:37: Located 0f4c3c67-845e-49a0-927e-90ed33c044e0.yml
2019-10-28 16:28:37: Located 1a98b8e6-18ce-4617-8cc5-e65a1a9d490e.yml
2019-10-28 16:28:41: Located 0f4c3c67-845e-49a0-927e-90ed33c044e0.yml
2019-10-28 16:28:41: Located 1a98b8e6-18ce-4617-8cc5-e65a1a9d490e.yml
2019-10-28 17:00:57: Located 0f4c3c67-845e-49a0-927e-90ed33c044e0.yml
2019-10-28 17:00:57: Located 1a98b8e6-18ce-4617-8cc5-e65a1a9d490e.yml
2019-10-28 17:03:13: Located 0f4c3c67-845e-49a0-927e-90ed33c044e0.yml
2019-10-28 17:03:13: Located 1a98b8e6-18ce-4617-8cc5-e65a1a9d490e.yml
2019-10-28 17:08:43: Located 0f4c3c67-845e-49a0-927e-90ed33c044e0.yml
2019-10-28 17:08:43: Located 1a98b8e6-18ce-4617-8cc5-e65a1a9d490e.yml
2019-10-28 17:14:47: Located 0f4c3c67-845e-49a0-927e-90ed33c044e0.yml
2019-10-28 17:14:47: Located 1a98b8e6-18ce-4617-8cc5-e65a1a9d490e.yml
2019-10-28 17:22:54: Located 0f4c3c67-845e-49a0-927e-90ed33c044e0.yml
2019-10-28 17:22:54: Located 1a98b8e6-18ce-4617-8cc5-e65a1a9d490e.yml
2019-10-28 17:35:55: Located 0f4c3c67-845e-49a0-927e-90ed33c044e0.yml
2019-10-28 17:35:55: Located 1a98b8e6-18ce-4617-8cc5-e65a1a9d490e.yml
2019-10-28 17:37:31: Located 0f4c3c67-845e-49a0-927e-90ed33c044e0.yml
2019-10-28 17:37:31: Located 1a98b8e6-18ce-4617-8cc5-e65a1a9d490e.yml
2019-10-28 17:45:53: Located 0f4c3c67-845e-49a0-927e-90ed33c044e0.yml
2019-10-28 17:45:53: Located 1a98b8e6-18ce-4617-8cc5-e65a1a9d490e.yml
2019-10-28 18:28:42: Located 0f4c3c67-845e-49a0-927e-90ed33c044e0.yml
2019-10-28 18:28:42: Located 1a98b8e6-18ce-4617-8cc5-e65a1a9d490e.yml
2019-10-28 18:47:56: Located 10922d44-fd95-4190-ad3e-3dcfdaa433d6.yml
2019-10-28 18:51:55: Located PowerView.ps1
2019-10-28 19:41:32: Located 0f4c3c67-845e-49a0-927e-90ed33c044e0.yml
2019-10-28 19:41:32: Located 1a98b8e6-18ce-4617-8cc5-e65a1a9d490e.yml
2019-10-28 19:41:37: Located 0f4c3c67-845e-49a0-927e-90ed33c044e0.yml
2019-10-28 19:41:37: Located 1a98b8e6-18ce-4617-8cc5-e65a1a9d490e.yml
2019-10-28 19:41:46: Located 0f4c3c67-845e-49a0-927e-90ed33c044e0.yml
2019-10-28 19:41:46: Located 1a98b8e6-18ce-4617-8cc5-e65a1a9d490e.yml
2019-10-28 19:41:55: Located 0f4c3c67-845e-49a0-927e-90ed33c044e0.yml
2019-10-28 19:41:55: Located 1a98b8e6-18ce-4617-8cc5-e65a1a9d490e.yml
2019-10-28 19:42:21: Located 0f4c3c67-845e-49a0-927e-90ed33c044e0.yml
2019-10-28 19:42:22: Located 1a98b8e6-18ce-4617-8cc5-e65a1a9d490e.yml
2019-10-28 19:42:44: Located 0f4c3c67-845e-49a0-927e-90ed33c044e0.yml
2019-10-28 19:42:44: Located 1a98b8e6-18ce-4617-8cc5-e65a1a9d490e.yml
2019-10-28 19:43:26: Located 0f4c3c67-845e-49a0-927e-90ed33c044e0.yml
2019-10-28 19:43:26: Located 1a98b8e6-18ce-4617-8cc5-e65a1a9d490e.yml
2019-10-28 19:45:27: Located 0f4c3c67-845e-49a0-927e-90ed33c044e0.yml
2019-10-28 19:45:27: Located 1a98b8e6-18ce-4617-8cc5-e65a1a9d490e.yml
2019-10-28 19:46:23: Located 0f4c3c67-845e-49a0-927e-90ed33c044e0.yml
2019-10-28 19:46:23: Located 1a98b8e6-18ce-4617-8cc5-e65a1a9d490e.yml
2019-10-28 20:38:04: Located 0f4c3c67-845e-49a0-927e-90ed33c044e0.yml
2019-10-28 20:38:04: Located 1a98b8e6-18ce-4617-8cc5-e65a1a9d490e.yml
2019-10-28 20:40:09: Located MITREDSLABS.exe
2019-10-29 06:04:08: Located 0f4c3c67-845e-49a0-927e-90ed33c044e0.yml
2019-10-29 06:04:08: Located 1a98b8e6-18ce-4617-8cc5-e65a1a9d490e.yml
2019-10-29 06:14:11: Located 0f4c3c67-845e-49a0-927e-90ed33c044e0.yml
2019-10-29 06:14:11: Located 1a98b8e6-18ce-4617-8cc5-e65a1a9d490e.yml
2019-10-29 06:15:28: Located 0f4c3c67-845e-49a0-927e-90ed33c044e0.yml
2019-10-29 06:15:28: Located 1a98b8e6-18ce-4617-8cc5-e65a1a9d490e.yml
2019-10-29 06:15:41: Located 0f4c3c67-845e-49a0-927e-90ed33c044e0.yml
2019-10-29 06:15:41: Located 1a98b8e6-18ce-4617-8cc5-e65a1a9d490e.yml
2019-10-29 06:16:47: Located 0f4c3c67-845e-49a0-927e-90ed33c044e0.yml
2019-10-29 06:16:47: Located 1a98b8e6-18ce-4617-8cc5-e65a1a9d490e.yml
2019-10-29 06:17:11: Located 0f4c3c67-845e-49a0-927e-90ed33c044e0.yml
2019-10-29 06:17:11: Located 1a98b8e6-18ce-4617-8cc5-e65a1a9d490e.yml
2019-10-29 06:17:15: Located 0f4c3c67-845e-49a0-927e-90ed33c044e0.yml
2019-10-29 06:17:15: Located 1a98b8e6-18ce-4617-8cc5-e65a1a9d490e.yml
2019-10-29 06:18:31: Located 0f4c3c67-845e-49a0-927e-90ed33c044e0.yml
2019-10-29 06:18:31: Located 1a98b8e6-18ce-4617-8cc5-e65a1a9d490e.yml
2019-10-29 06:21:18: Located 0f4c3c67-845e-49a0-927e-90ed33c044e0.yml
2019-10-29 06:21:18: Located 1a98b8e6-18ce-4617-8cc5-e65a1a9d490e.yml
2019-10-29 06:24:55: Located 0f4c3c67-845e-49a0-927e-90ed33c044e0.yml
2019-10-29 06:24:55: Located 1a98b8e6-18ce-4617-8cc5-e65a1a9d490e.yml
2019-10-29 06:26:02: Located 0f4c3c67-845e-49a0-927e-90ed33c044e0.yml
2019-10-29 06:26:02: Located 1a98b8e6-18ce-4617-8cc5-e65a1a9d490e.yml
2019-10-29 06:26:24: Located 0f4c3c67-845e-49a0-927e-90ed33c044e0.yml
2019-10-29 06:26:24: Located 1a98b8e6-18ce-4617-8cc5-e65a1a9d490e.yml
2019-10-29 06:27:21: Located 0f4c3c67-845e-49a0-927e-90ed33c044e0.yml
2019-10-29 06:27:21: Located 1a98b8e6-18ce-4617-8cc5-e65a1a9d490e.yml
2019-10-29 06:30:17: Located 0f4c3c67-845e-49a0-927e-90ed33c044e0.yml
2019-10-29 06:30:17: Located 1a98b8e6-18ce-4617-8cc5-e65a1a9d490e.yml
2019-10-29 06:30:39: Located 0f4c3c67-845e-49a0-927e-90ed33c044e0.yml
2019-10-29 06:30:39: Located 1a98b8e6-18ce-4617-8cc5-e65a1a9d490e.yml
2019-10-29 06:30:42: Located 0f4c3c67-845e-49a0-927e-90ed33c044e0.yml
2019-10-29 06:30:42: Located 1a98b8e6-18ce-4617-8cc5-e65a1a9d490e.yml
2019-10-29 06:30:55: Located 0f4c3c67-845e-49a0-927e-90ed33c044e0.yml
2019-10-29 06:30:55: Located 1a98b8e6-18ce-4617-8cc5-e65a1a9d490e.yml
2019-10-29 06:33:45: Located 0f4c3c67-845e-49a0-927e-90ed33c044e0.yml
2019-10-29 06:33:45: Located 1a98b8e6-18ce-4617-8cc5-e65a1a9d490e.yml
2019-10-29 06:34:39: Located 0f4c3c67-845e-49a0-927e-90ed33c044e0.yml
2019-10-29 06:34:39: Located 1a98b8e6-18ce-4617-8cc5-e65a1a9d490e.yml
2019-10-29 06:35:18: Located 0f4c3c67-845e-49a0-927e-90ed33c044e0.yml
2019-10-29 06:35:18: Located 1a98b8e6-18ce-4617-8cc5-e65a1a9d490e.yml
2019-10-29 06:35:23: Located 0f4c3c67-845e-49a0-927e-90ed33c044e0.yml
2019-10-29 06:35:23: Located 1a98b8e6-18ce-4617-8cc5-e65a1a9d490e.yml
2019-10-29 06:35:54: Located 0f4c3c67-845e-49a0-927e-90ed33c044e0.yml
2019-10-29 06:35:54: Located 1a98b8e6-18ce-4617-8cc5-e65a1a9d490e.yml
2019-10-29 06:36:25: Located 0f4c3c67-845e-49a0-927e-90ed33c044e0.yml
2019-10-29 06:36:25: Located 1a98b8e6-18ce-4617-8cc5-e65a1a9d490e.yml
2019-10-29 06:36:34: Located 0f4c3c67-845e-49a0-927e-90ed33c044e0.yml
2019-10-29 06:36:34: Located 1a98b8e6-18ce-4617-8cc5-e65a1a9d490e.yml
2019-10-29 06:40:16: Located 0f4c3c67-845e-49a0-927e-90ed33c044e0.yml
2019-10-29 06:40:16: Located 1a98b8e6-18ce-4617-8cc5-e65a1a9d490e.yml
2019-10-29 06:43:00: Located sandcat.go-windows
2019-10-29 06:44:01: Located MITREDSLABS.exe
2019-10-29 06:47:07: Located update.ps1
2019-10-29 06:51:57: Located sandcat.go-windows
2019-10-29 06:53:02: Located update.ps1
2019-10-29 06:53:02: Located Invoke-BypassUACTokenManipulation.ps1
2019-10-29 06:57:08: Located 0f4c3c67-845e-49a0-927e-90ed33c044e0.yml
2019-10-29 06:57:08: Located 1a98b8e6-18ce-4617-8cc5-e65a1a9d490e.yml
2019-10-29 07:02:05: Located 0f4c3c67-845e-49a0-927e-90ed33c044e0.yml
2019-10-29 07:02:05: Located 1a98b8e6-18ce-4617-8cc5-e65a1a9d490e.yml
2019-10-29 07:04:09: Located update.ps1
2019-10-29 07:08:33: Located update.ps1
2019-10-29 07:12:14: Located 0f4c3c67-845e-49a0-927e-90ed33c044e0.yml
2019-10-29 07:12:14: Located 1a98b8e6-18ce-4617-8cc5-e65a1a9d490e.yml
2019-10-29 07:13:44: Located update.ps1
2019-10-29 07:21:28: Located 0f4c3c67-845e-49a0-927e-90ed33c044e0.yml
2019-10-29 07:21:28: Located 1a98b8e6-18ce-4617-8cc5-e65a1a9d490e.yml
2019-10-29 07:29:20: Located 0f4c3c67-845e-49a0-927e-90ed33c044e0.yml
2019-10-29 07:29:20: Located 1a98b8e6-18ce-4617-8cc5-e65a1a9d490e.yml
2019-10-29 07:30:46: Located 0f4c3c67-845e-49a0-927e-90ed33c044e0.yml
2019-10-29 07:30:46: Located 1a98b8e6-18ce-4617-8cc5-e65a1a9d490e.yml
2019-10-29 07:38:22: Located 52771610-2322-44cf-816b-a7df42b4c086.yml
2019-10-29 07:56:26: Located 41bb2b7a-75af-49fd-bd15-6c827df25921.yml
2019-10-29 08:07:07: Located 0f4c3c67-845e-49a0-927e-90ed33c044e0.yml
2019-10-29 08:07:07: Located 1a98b8e6-18ce-4617-8cc5-e65a1a9d490e.yml
2019-10-29 08:21:44: Located 0f4c3c67-845e-49a0-927e-90ed33c044e0.yml
2019-10-29 08:21:44: Located 1a98b8e6-18ce-4617-8cc5-e65a1a9d490e.yml
2019-10-29 08:24:17: Located 0f4c3c67-845e-49a0-927e-90ed33c044e0.yml
2019-10-29 08:24:17: Located 1a98b8e6-18ce-4617-8cc5-e65a1a9d490e.yml
2019-10-29 08:25:19: Located 0f4c3c67-845e-49a0-927e-90ed33c044e0.yml
2019-10-29 08:25:19: Located 1a98b8e6-18ce-4617-8cc5-e65a1a9d490e.yml
2019-10-29 08:25:50: Located 0f4c3c67-845e-49a0-927e-90ed33c044e0.yml
2019-10-29 08:25:50: Located 1a98b8e6-18ce-4617-8cc5-e65a1a9d490e.yml
2019-10-29 08:26:42: Located 0f4c3c67-845e-49a0-927e-90ed33c044e0.yml
2019-10-29 08:26:42: Located 1a98b8e6-18ce-4617-8cc5-e65a1a9d490e.yml
2019-10-29 08:27:22: Located 0f4c3c67-845e-49a0-927e-90ed33c044e0.yml
2019-10-29 08:27:22: Located 1a98b8e6-18ce-4617-8cc5-e65a1a9d490e.yml
2019-10-29 08:27:46: Located 0f4c3c67-845e-49a0-927e-90ed33c044e0.yml
2019-10-29 08:27:46: Located 1a98b8e6-18ce-4617-8cc5-e65a1a9d490e.yml
2019-10-29 08:30:42: Located 0f4c3c67-845e-49a0-927e-90ed33c044e0.yml
2019-10-29 08:30:42: Located 1a98b8e6-18ce-4617-8cc5-e65a1a9d490e.yml
2019-10-29 08:39:18: Located 0f4c3c67-845e-49a0-927e-90ed33c044e0.yml
2019-10-29 08:39:18: Located 1a98b8e6-18ce-4617-8cc5-e65a1a9d490e.yml
2019-10-29 08:41:48: Located 0f4c3c67-845e-49a0-927e-90ed33c044e0.yml
2019-10-29 08:41:48: Located 1a98b8e6-18ce-4617-8cc5-e65a1a9d490e.yml
2019-10-29 08:42:57: Located 0f4c3c67-845e-49a0-927e-90ed33c044e0.yml
2019-10-29 08:42:57: Located 1a98b8e6-18ce-4617-8cc5-e65a1a9d490e.yml
2019-10-29 08:43:38: Located 47d08617-5ce1-424a-8cc5-c9c978ce6bf9.yml
2019-10-29 09:00:14: Located 0f4c3c67-845e-49a0-927e-90ed33c044e0.yml
2019-10-29 09:00:14: Located 1a98b8e6-18ce-4617-8cc5-e65a1a9d490e.yml
2019-10-29 09:25:09: Located 0f4c3c67-845e-49a0-927e-90ed33c044e0.yml
2019-10-29 09:25:09: Located 1a98b8e6-18ce-4617-8cc5-e65a1a9d490e.yml
2019-10-29 09:25:58: Located 0f4c3c67-845e-49a0-927e-90ed33c044e0.yml
2019-10-29 09:25:58: Located 1a98b8e6-18ce-4617-8cc5-e65a1a9d490e.yml
2019-10-29 09:26:04: Located 0f4c3c67-845e-49a0-927e-90ed33c044e0.yml
2019-10-29 09:26:04: Located 1a98b8e6-18ce-4617-8cc5-e65a1a9d490e.yml
2019-10-29 09:26:46: Located 0f4c3c67-845e-49a0-927e-90ed33c044e0.yml
2019-10-29 09:26:46: Located 1a98b8e6-18ce-4617-8cc5-e65a1a9d490e.yml
2019-10-29 09:26:59: Located 0f4c3c67-845e-49a0-927e-90ed33c044e0.yml
2019-10-29 09:26:59: Located 1a98b8e6-18ce-4617-8cc5-e65a1a9d490e.yml
2019-10-29 09:27:09: Located 0f4c3c67-845e-49a0-927e-90ed33c044e0.yml
2019-10-29 09:27:09: Located 1a98b8e6-18ce-4617-8cc5-e65a1a9d490e.yml
2019-10-29 09:28:37: Located 0f4c3c67-845e-49a0-927e-90ed33c044e0.yml
2019-10-29 09:28:37: Located 1a98b8e6-18ce-4617-8cc5-e65a1a9d490e.yml
2019-10-29 09:31:11: Located sandcat.go-windows
2019-10-29 09:32:11: Located Get-Keystrokes.ps1
2019-10-29 09:34:12: Located 0f4c3c67-845e-49a0-927e-90ed33c044e0.yml
2019-10-29 09:34:12: Located 1a98b8e6-18ce-4617-8cc5-e65a1a9d490e.yml
2019-10-29 09:35:15: Located update.ps1
2019-10-29 09:46:23: Located update.ps1
2019-10-29 14:37:48: Located 0f4c3c67-845e-49a0-927e-90ed33c044e0.yml
2019-10-29 14:37:48: Located 1a98b8e6-18ce-4617-8cc5-e65a1a9d490e.yml
2019-10-29 14:37:53: Located 0f4c3c67-845e-49a0-927e-90ed33c044e0.yml
2019-10-29 14:37:53: Located 1a98b8e6-18ce-4617-8cc5-e65a1a9d490e.yml
2019-10-29 14:59:23: Located de632c2d-a729-4b77-b781-6a6b09c148ba.yml
2019-10-29 15:12:12: Located 5c23f638-9cfc-4fc4-9cab-4af628fef70a.yml
2019-10-29 15:38:23: Located 0f4c3c67-845e-49a0-927e-90ed33c044e0.yml
2019-10-29 15:38:23: Located 1a98b8e6-18ce-4617-8cc5-e65a1a9d490e.yml
2019-10-29 15:39:58: Located 0f4c3c67-845e-49a0-927e-90ed33c044e0.yml
2019-10-29 15:39:58: Located 1a98b8e6-18ce-4617-8cc5-e65a1a9d490e.yml
2019-10-29 15:40:53: Located 0f4c3c67-845e-49a0-927e-90ed33c044e0.yml
2019-10-29 15:40:53: Located 1a98b8e6-18ce-4617-8cc5-e65a1a9d490e.yml
2019-10-29 15:41:08: Located 0f4c3c67-845e-49a0-927e-90ed33c044e0.yml
2019-10-29 15:41:08: Located 1a98b8e6-18ce-4617-8cc5-e65a1a9d490e.yml
2019-10-29 15:41:43: Located 0f4c3c67-845e-49a0-927e-90ed33c044e0.yml
2019-10-29 15:41:43: Located 1a98b8e6-18ce-4617-8cc5-e65a1a9d490e.yml
2019-10-29 15:42:02: Located 0f4c3c67-845e-49a0-927e-90ed33c044e0.yml
2019-10-29 15:42:02: Located 1a98b8e6-18ce-4617-8cc5-e65a1a9d490e.yml
2019-10-29 15:43:17: Located 0f4c3c67-845e-49a0-927e-90ed33c044e0.yml
2019-10-29 15:43:17: Located 1a98b8e6-18ce-4617-8cc5-e65a1a9d490e.yml
2019-10-29 15:45:49: Located 0f4c3c67-845e-49a0-927e-90ed33c044e0.yml
2019-10-29 15:45:49: Located 1a98b8e6-18ce-4617-8cc5-e65a1a9d490e.yml
2019-10-29 15:47:43: Located 0f4c3c67-845e-49a0-927e-90ed33c044e0.yml
2019-10-29 15:47:43: Located 1a98b8e6-18ce-4617-8cc5-e65a1a9d490e.yml
2019-10-29 15:50:28: Located sandcat.go-windows
2019-10-29 15:51:01: Located sandcat.go-windows
2019-10-29 15:51:17: Located 0f4c3c67-845e-49a0-927e-90ed33c044e0.yml
2019-10-29 15:51:17: Located 1a98b8e6-18ce-4617-8cc5-e65a1a9d490e.yml
2019-10-29 15:51:22: Located sandcat.go-windows
2019-10-29 15:52:15: Located sandcat.go-windows
2019-10-29 15:54:01: Located 0f4c3c67-845e-49a0-927e-90ed33c044e0.yml
2019-10-29 15:54:01: Located 1a98b8e6-18ce-4617-8cc5-e65a1a9d490e.yml
2019-10-29 16:36:08: Located 0f4c3c67-845e-49a0-927e-90ed33c044e0.yml
2019-10-29 16:36:08: Located 1a98b8e6-18ce-4617-8cc5-e65a1a9d490e.yml
2019-10-29 16:36:54: Located 0f4c3c67-845e-49a0-927e-90ed33c044e0.yml
2019-10-29 16:36:54: Located 1a98b8e6-18ce-4617-8cc5-e65a1a9d490e.yml
2019-10-29 16:38:09: Located 0f4c3c67-845e-49a0-927e-90ed33c044e0.yml
2019-10-29 16:38:09: Located 1a98b8e6-18ce-4617-8cc5-e65a1a9d490e.yml
2019-10-29 16:38:49: Located 0f4c3c67-845e-49a0-927e-90ed33c044e0.yml
2019-10-29 16:38:49: Located 1a98b8e6-18ce-4617-8cc5-e65a1a9d490e.yml
2019-10-29 16:40:04: Located 0f4c3c67-845e-49a0-927e-90ed33c044e0.yml
2019-10-29 16:40:04: Located 1a98b8e6-18ce-4617-8cc5-e65a1a9d490e.yml
2019-10-29 16:40:46: Located 0f4c3c67-845e-49a0-927e-90ed33c044e0.yml
2019-10-29 16:40:46: Located 1a98b8e6-18ce-4617-8cc5-e65a1a9d490e.yml
2019-10-29 16:41:15: Located 0f4c3c67-845e-49a0-927e-90ed33c044e0.yml
2019-10-29 16:41:15: Located 1a98b8e6-18ce-4617-8cc5-e65a1a9d490e.yml
2019-10-29 16:42:44: Located 0f4c3c67-845e-49a0-927e-90ed33c044e0.yml
2019-10-29 16:42:44: Located 1a98b8e6-18ce-4617-8cc5-e65a1a9d490e.yml
2019-10-29 16:43:30: Located 0f4c3c67-845e-49a0-927e-90ed33c044e0.yml
2019-10-29 16:43:30: Located 1a98b8e6-18ce-4617-8cc5-e65a1a9d490e.yml
2019-10-29 16:43:53: Located 0f4c3c67-845e-49a0-927e-90ed33c044e0.yml
2019-10-29 16:43:53: Located 1a98b8e6-18ce-4617-8cc5-e65a1a9d490e.yml
2019-10-29 16:44:34: Located 0f4c3c67-845e-49a0-927e-90ed33c044e0.yml
2019-10-29 16:44:34: Located 1a98b8e6-18ce-4617-8cc5-e65a1a9d490e.yml
2019-10-29 16:44:55: Located 0f4c3c67-845e-49a0-927e-90ed33c044e0.yml
2019-10-29 16:44:55: Located 1a98b8e6-18ce-4617-8cc5-e65a1a9d490e.yml
2019-10-29 16:45:31: Located 0f4c3c67-845e-49a0-927e-90ed33c044e0.yml
2019-10-29 16:45:31: Located 1a98b8e6-18ce-4617-8cc5-e65a1a9d490e.yml
2019-10-29 16:45:49: Located 0f4c3c67-845e-49a0-927e-90ed33c044e0.yml
2019-10-29 16:45:49: Located 1a98b8e6-18ce-4617-8cc5-e65a1a9d490e.yml
2019-10-29 16:48:24: Located 0f4c3c67-845e-49a0-927e-90ed33c044e0.yml
2019-10-29 16:48:24: Located 1a98b8e6-18ce-4617-8cc5-e65a1a9d490e.yml
2019-10-29 16:53:21: Located 0f4c3c67-845e-49a0-927e-90ed33c044e0.yml
2019-10-29 16:53:21: Located 1a98b8e6-18ce-4617-8cc5-e65a1a9d490e.yml
2019-10-29 16:57:49: Located 0f4c3c67-845e-49a0-927e-90ed33c044e0.yml
2019-10-29 16:57:49: Located 1a98b8e6-18ce-4617-8cc5-e65a1a9d490e.yml
2019-10-29 16:59:36: Located 0f4c3c67-845e-49a0-927e-90ed33c044e0.yml
2019-10-29 16:59:36: Located 1a98b8e6-18ce-4617-8cc5-e65a1a9d490e.yml
2019-10-29 17:06:13: Located 0f4c3c67-845e-49a0-927e-90ed33c044e0.yml
2019-10-29 17:06:13: Located 1a98b8e6-18ce-4617-8cc5-e65a1a9d490e.yml
2019-10-29 17:13:49: Located sandcat.go-windows
2019-10-29 17:16:47: Located 0f4c3c67-845e-49a0-927e-90ed33c044e0.yml
2019-10-29 17:16:47: Located 1a98b8e6-18ce-4617-8cc5-e65a1a9d490e.yml
2019-10-29 18:04:39: Located 0f4c3c67-845e-49a0-927e-90ed33c044e0.yml
2019-10-29 18:04:39: Located 1a98b8e6-18ce-4617-8cc5-e65a1a9d490e.yml
2019-10-29 18:09:42: Located 0f4c3c67-845e-49a0-927e-90ed33c044e0.yml
2019-10-29 18:09:42: Located 1a98b8e6-18ce-4617-8cc5-e65a1a9d490e.yml
2019-10-29 18:14:17: Located 0f4c3c67-845e-49a0-927e-90ed33c044e0.yml
2019-10-29 18:14:17: Located 1a98b8e6-18ce-4617-8cc5-e65a1a9d490e.yml
2019-10-29 18:16:48: Located 0f4c3c67-845e-49a0-927e-90ed33c044e0.yml
2019-10-29 18:16:48: Located 1a98b8e6-18ce-4617-8cc5-e65a1a9d490e.yml
2019-10-29 18:33:23: Located 0f4c3c67-845e-49a0-927e-90ed33c044e0.yml
2019-10-29 18:33:23: Located 1a98b8e6-18ce-4617-8cc5-e65a1a9d490e.yml
2019-10-29 18:33:57: Located 0f4c3c67-845e-49a0-927e-90ed33c044e0.yml
2019-10-29 18:33:57: Located 1a98b8e6-18ce-4617-8cc5-e65a1a9d490e.yml
2019-10-29 18:34:19: Located 0f4c3c67-845e-49a0-927e-90ed33c044e0.yml
2019-10-29 18:34:19: Located 1a98b8e6-18ce-4617-8cc5-e65a1a9d490e.yml
2019-10-29 18:35:09: Located 0f4c3c67-845e-49a0-927e-90ed33c044e0.yml
2019-10-29 18:35:09: Located 1a98b8e6-18ce-4617-8cc5-e65a1a9d490e.yml
2019-10-29 18:35:30: Located 0f4c3c67-845e-49a0-927e-90ed33c044e0.yml
2019-10-29 18:35:30: Located 1a98b8e6-18ce-4617-8cc5-e65a1a9d490e.yml
2019-10-30 15:04:50: Located 0f4c3c67-845e-49a0-927e-90ed33c044e0.yml
2019-10-30 15:04:50: Located 1a98b8e6-18ce-4617-8cc5-e65a1a9d490e.yml
2019-10-30 15:07:27: Located 0f4c3c67-845e-49a0-927e-90ed33c044e0.yml
2019-10-30 15:07:27: Located 1a98b8e6-18ce-4617-8cc5-e65a1a9d490e.yml
2019-10-30 15:10:37: Located sandcat.go-windows
2019-10-30 15:31:39: Located 0f4c3c67-845e-49a0-927e-90ed33c044e0.yml
2019-10-30 15:31:39: Located 1a98b8e6-18ce-4617-8cc5-e65a1a9d490e.yml
2019-10-30 15:34:10: Located 0f4c3c67-845e-49a0-927e-90ed33c044e0.yml
2019-10-30 15:34:10: Located 1a98b8e6-18ce-4617-8cc5-e65a1a9d490e.yml
2019-10-30 15:39:29: Located 0f4c3c67-845e-49a0-927e-90ed33c044e0.yml
2019-10-30 15:39:29: Located 1a98b8e6-18ce-4617-8cc5-e65a1a9d490e.yml
2019-10-30 15:42:22: Located 0f4c3c67-845e-49a0-927e-90ed33c044e0.yml
2019-10-30 15:42:22: Located 1a98b8e6-18ce-4617-8cc5-e65a1a9d490e.yml
2019-10-30 15:46:19: Located 0f4c3c67-845e-49a0-927e-90ed33c044e0.yml
2019-10-30 15:46:19: Located 1a98b8e6-18ce-4617-8cc5-e65a1a9d490e.yml
2019-10-30 16:57:43: Located 0f4c3c67-845e-49a0-927e-90ed33c044e0.yml
2019-10-30 16:57:43: Located 1a98b8e6-18ce-4617-8cc5-e65a1a9d490e.yml
2019-10-30 16:59:57: Located upload.ps1
2019-10-30 16:59:57: Located update.ps1
2019-10-30 16:59:57: Located COMHijack.reg
2019-10-30 17:02:49: Located 0f4c3c67-845e-49a0-927e-90ed33c044e0.yml
2019-10-30 17:02:49: Located 1a98b8e6-18ce-4617-8cc5-e65a1a9d490e.yml
2019-10-30 17:08:45: Located 0f4c3c67-845e-49a0-927e-90ed33c044e0.yml
2019-10-30 17:08:45: Located 1a98b8e6-18ce-4617-8cc5-e65a1a9d490e.yml
2019-10-30 17:13:49: Located 0f4c3c67-845e-49a0-927e-90ed33c044e0.yml
2019-10-30 17:13:49: Located 1a98b8e6-18ce-4617-8cc5-e65a1a9d490e.yml
2019-10-30 17:21:55: Located 0f4c3c67-845e-49a0-927e-90ed33c044e0.yml
2019-10-30 17:21:55: Located 1a98b8e6-18ce-4617-8cc5-e65a1a9d490e.yml
2019-10-30 17:23:19: Located COMHijack.reg
2019-10-30 17:24:02: Located 0f4c3c67-845e-49a0-927e-90ed33c044e0.yml
2019-10-30 17:24:02: Located 1a98b8e6-18ce-4617-8cc5-e65a1a9d490e.yml
2019-10-30 17:31:58: Located 0f4c3c67-845e-49a0-927e-90ed33c044e0.yml
2019-10-30 17:31:58: Located 1a98b8e6-18ce-4617-8cc5-e65a1a9d490e.yml
2019-10-30 17:39:18: Located 0f4c3c67-845e-49a0-927e-90ed33c044e0.yml
2019-10-30 17:39:18: Located 1a98b8e6-18ce-4617-8cc5-e65a1a9d490e.yml
2019-10-30 17:42:48: Located COMHijackCleanup.reg
2019-10-30 17:54:27: Located 0f4c3c67-845e-49a0-927e-90ed33c044e0.yml
2019-10-30 17:54:27: Located 1a98b8e6-18ce-4617-8cc5-e65a1a9d490e.yml
2019-10-30 17:54:50: Located 0f4c3c67-845e-49a0-927e-90ed33c044e0.yml
2019-10-30 17:54:50: Located 1a98b8e6-18ce-4617-8cc5-e65a1a9d490e.yml
2019-10-30 18:38:07: Located 0f4c3c67-845e-49a0-927e-90ed33c044e0.yml
2019-10-30 18:38:07: Located 1a98b8e6-18ce-4617-8cc5-e65a1a9d490e.yml
2019-10-30 18:39:34: Located 0f4c3c67-845e-49a0-927e-90ed33c044e0.yml
2019-10-30 18:39:34: Located 1a98b8e6-18ce-4617-8cc5-e65a1a9d490e.yml
2019-10-30 19:16:03: Located 0f4c3c67-845e-49a0-927e-90ed33c044e0.yml
2019-10-30 19:16:03: Located 1a98b8e6-18ce-4617-8cc5-e65a1a9d490e.yml
2019-10-30 19:27:00: Located 0f4c3c67-845e-49a0-927e-90ed33c044e0.yml
2019-10-30 19:27:00: Located 1a98b8e6-18ce-4617-8cc5-e65a1a9d490e.yml
2019-10-30 19:27:53: Located sandcat.go-windows
2019-10-30 19:38:17: Located 0f4c3c67-845e-49a0-927e-90ed33c044e0.yml
2019-10-30 19:38:17: Located 1a98b8e6-18ce-4617-8cc5-e65a1a9d490e.yml
2019-10-30 19:43:29: Located 0f4c3c67-845e-49a0-927e-90ed33c044e0.yml
2019-10-30 19:43:29: Located 1a98b8e6-18ce-4617-8cc5-e65a1a9d490e.yml
2019-10-30 19:46:24: Located 0f4c3c67-845e-49a0-927e-90ed33c044e0.yml
2019-10-30 19:46:24: Located 1a98b8e6-18ce-4617-8cc5-e65a1a9d490e.yml
2019-10-30 19:46:46: Located 0f4c3c67-845e-49a0-927e-90ed33c044e0.yml
2019-10-30 19:46:46: Located 1a98b8e6-18ce-4617-8cc5-e65a1a9d490e.yml
2019-10-30 19:55:20: Located 0f4c3c67-845e-49a0-927e-90ed33c044e0.yml
2019-10-30 19:55:20: Located 1a98b8e6-18ce-4617-8cc5-e65a1a9d490e.yml
2019-10-30 19:59:20: Located 0f4c3c67-845e-49a0-927e-90ed33c044e0.yml
2019-10-30 19:59:20: Located 1a98b8e6-18ce-4617-8cc5-e65a1a9d490e.yml
2019-10-30 20:21:45: Located 0f4c3c67-845e-49a0-927e-90ed33c044e0.yml
2019-10-30 20:21:45: Located 1a98b8e6-18ce-4617-8cc5-e65a1a9d490e.yml
2019-10-30 20:31:07: Located 0f4c3c67-845e-49a0-927e-90ed33c044e0.yml
2019-10-30 20:31:07: Located 1a98b8e6-18ce-4617-8cc5-e65a1a9d490e.yml
2019-10-31 13:11:25: Located 0f4c3c67-845e-49a0-927e-90ed33c044e0.yml
2019-10-31 13:11:25: Located 1a98b8e6-18ce-4617-8cc5-e65a1a9d490e.yml
2019-10-31 13:30:13: Located 0f4c3c67-845e-49a0-927e-90ed33c044e0.yml
2019-10-31 13:30:13: Located 1a98b8e6-18ce-4617-8cc5-e65a1a9d490e.yml
2019-10-31 13:38:40: Located 0f4c3c67-845e-49a0-927e-90ed33c044e0.yml
2019-10-31 13:38:40: Located 1a98b8e6-18ce-4617-8cc5-e65a1a9d490e.yml
2019-10-31 14:14:25: Located 0f4c3c67-845e-49a0-927e-90ed33c044e0.yml
2019-10-31 14:14:25: Located 1a98b8e6-18ce-4617-8cc5-e65a1a9d490e.yml
2019-10-31 14:18:38: Located 0f4c3c67-845e-49a0-927e-90ed33c044e0.yml
2019-10-31 14:18:38: Located 1a98b8e6-18ce-4617-8cc5-e65a1a9d490e.yml
2019-10-31 15:27:29: Located 1345bff7-6f26-43b2-a92a-9aabccdb3db0.yml
2019-10-31 15:38:54: Located 0f4c3c67-845e-49a0-927e-90ed33c044e0.yml
2019-10-31 15:38:54: Located 1a98b8e6-18ce-4617-8cc5-e65a1a9d490e.yml
2019-10-31 15:39:01: Located 0f4c3c67-845e-49a0-927e-90ed33c044e0.yml
2019-10-31 15:39:01: Located 1a98b8e6-18ce-4617-8cc5-e65a1a9d490e.yml
2019-10-31 15:40:34: Located 0f4c3c67-845e-49a0-927e-90ed33c044e0.yml
2019-10-31 15:40:34: Located 1a98b8e6-18ce-4617-8cc5-e65a1a9d490e.yml
2019-10-31 15:42:39: Located 0f4c3c67-845e-49a0-927e-90ed33c044e0.yml
2019-10-31 15:42:39: Located 1a98b8e6-18ce-4617-8cc5-e65a1a9d490e.yml
2019-10-31 15:46:33: Located 0f4c3c67-845e-49a0-927e-90ed33c044e0.yml
2019-10-31 15:46:33: Located 1a98b8e6-18ce-4617-8cc5-e65a1a9d490e.yml
2019-10-31 15:55:00: Located 0f4c3c67-845e-49a0-927e-90ed33c044e0.yml
2019-10-31 15:55:00: Located 1a98b8e6-18ce-4617-8cc5-e65a1a9d490e.yml
2019-10-31 18:41:24: Located 0f4c3c67-845e-49a0-927e-90ed33c044e0.yml
2019-10-31 18:41:24: Located 1a98b8e6-18ce-4617-8cc5-e65a1a9d490e.yml
2019-11-04 15:38:16: Located 0f4c3c67-845e-49a0-927e-90ed33c044e0.yml
2019-11-04 15:38:16: Located 1a98b8e6-18ce-4617-8cc5-e65a1a9d490e.yml
2019-11-04 19:47:13: Located 0f4c3c67-845e-49a0-927e-90ed33c044e0.yml
2019-11-04 19:47:13: Located 1a98b8e6-18ce-4617-8cc5-e65a1a9d490e.yml
2019-11-04 19:47:20: Located 0f4c3c67-845e-49a0-927e-90ed33c044e0.yml
2019-11-04 19:47:20: Located 1a98b8e6-18ce-4617-8cc5-e65a1a9d490e.yml
2019-11-04 19:58:10: Located 0f4c3c67-845e-49a0-927e-90ed33c044e0.yml
2019-11-04 19:58:10: Located 1a98b8e6-18ce-4617-8cc5-e65a1a9d490e.yml
2019-11-04 20:18:56: Located 0f4c3c67-845e-49a0-927e-90ed33c044e0.yml
2019-11-04 20:18:56: Located 1a98b8e6-18ce-4617-8cc5-e65a1a9d490e.yml
2019-11-04 20:23:03: Located 0f4c3c67-845e-49a0-927e-90ed33c044e0.yml
2019-11-04 20:23:03: Located 1a98b8e6-18ce-4617-8cc5-e65a1a9d490e.yml
2019-11-04 20:27:25: Located sandcat.go-windows
2019-11-04 20:28:52: Located sandcat.go-windows
2019-11-04 20:33:50: Located sandcat.go-windows
2019-11-04 20:34:39: Located 0f4c3c67-845e-49a0-927e-90ed33c044e0.yml
2019-11-04 20:34:39: Located 1a98b8e6-18ce-4617-8cc5-e65a1a9d490e.yml
2019-11-04 20:34:43: Located sandcat.go-windows
2019-11-04 21:02:45: Located ps.ps1
2019-11-04 21:04:00: Located ps.ps1
2019-11-04 21:04:12: Located ps.ps1
