2019-10-24 13:48:43: Agent AJ-Win7x64$AJ-Win7x64\testuser untrusted: no link created
2019-10-24 13:48:43: Agent AJ-Win7x64$AJ-Win7x64\testuser untrusted: no link created
2019-10-24 13:48:43: Agent AJ-Win7x64$AJ-Win7x64\testuser untrusted: no link created
2019-10-24 13:48:43: Agent AJ-Win7x64$AJ-Win7x64\testuser untrusted: no link created
2019-10-24 13:48:43: Agent AJ-Win7x64$AJ-Win7x64\testuser untrusted: no link created
2019-10-24 13:48:43: Agent AJ-Win7x64$AJ-Win7x64\testuser untrusted: no cleanup-link created
2019-10-24 13:55:40: Created 0 links for AJ-Win7x64$AJ-Win7x64\testuser
2019-10-24 13:55:40: Created 0 links for AJ-Win7x64$AJ-Win7x64\testuser
2019-10-24 14:02:07: Created 3 links for AJ-Win7x64$AJ-Win7x64\testuser
2019-10-24 14:08:35: Created 0 links for AJ-Win7x64$AJ-Win7x64\testuser
2019-10-24 14:08:35: Created 0 links for AJ-Win7x64$AJ-Win7x64\testuser
2019-10-24 14:08:35: Created 0 links for AJ-Win7x64$AJ-Win7x64\testuser
2019-10-24 14:08:35: Created 1 links for AJ-Win7x64$AJ-Win7x64\testuser
2019-10-24 14:10:26: Created 0 links for AJ-Win7x64$AJ-Win7x64\testuser
2019-10-24 14:33:07: Created 1 links for AJ-Win7x64$AJ-Win7x64\testuser
2019-10-24 14:33:37: Created 0 links for AJ-Win7x64$AJ-Win7x64\testuser
2019-10-24 14:43:22: Created 0 links for AJ-Win7x64$AJ-Win7x64\testuser
2019-10-24 14:43:22: Created 0 links for AJ-Win7x64$AJ-Win7x64\testuser
2019-10-24 14:43:22: Created 1 links for AJ-Win7x64$AJ-Win7x64\testuser
2019-10-24 14:53:35: Created 2 links for AJ-Win7x64$AJ-Win7x64\testuser
2019-10-24 14:53:59: Created 1 links for AJ-Win7x64$AJ-Win7x64\testuser
2019-10-24 14:54:11: Created 2 links for AJ-Win7x64$AJ-Win7x64\testuser
2019-10-24 14:55:41: Created 2 links for AJ-Win7x64$AJ-Win7x64\testuser
2019-10-24 14:56:14: Created 2 links for AJ-Win7x64$AJ-Win7x64\testuser
2019-10-24 14:56:53: Created 3 links for AJ-Win7x64$AJ-Win7x64\testuser
2019-10-24 14:58:29: Created 2 links for AJ-Win7x64$AJ-Win7x64\testuser
2019-10-24 15:00:12: Created 1 links for AJ-Win7x64$AJ-Win7x64\testuser
2019-10-24 15:33:21: Created 1 links for AJ-Win7x64$AJ-Win7x64\testuser
2019-10-24 15:33:42: Created 0 links for AJ-Win7x64$AJ-Win7x64\testuser
2019-10-25 14:01:02: Created 1 links for AJ-Win7x64$AJ-Win7x64\testuser
2019-10-25 14:11:21: Created 1 links for AJ-Win7x64$AJ-Win7x64\testuser
2019-10-25 14:17:10: Created 0 links for AJ-Win7x64$AJ-Win7x64\testuser
2019-10-25 14:17:10: Created 0 links for AJ-Win7x64$AJ-Win7x64\testuser
2019-10-25 14:18:15: Created 1 links for AJ-Win7x64$AJ-Win7x64\testuser
2019-10-25 14:23:35: Created 0 links for AJ-Win7x64$AJ-Win7x64\testuser
2019-10-25 14:23:35: Created 0 links for AJ-Win7x64$AJ-Win7x64\testuser
2019-10-25 14:25:22: Created 0 links for AJ-Win7x64$AJ-Win7x64\testuser
2019-10-25 14:25:22: Created 0 links for AJ-Win7x64$AJ-Win7x64\testuser
2019-10-25 14:51:07: Created 0 links for AJ-Win7x64$AJ-Win7x64\testuser
2019-10-25 14:51:07: Created 0 links for AJ-Win7x64$AJ-Win7x64\testuser
2019-10-25 14:55:12: Created 1 links for AJ-Win7x64$AJ-Win7x64\testuser
2019-10-25 14:55:54: Created 0 links for AJ-Win7x64$AJ-Win7x64\testuser
2019-10-25 15:09:00: Created 2 links for AJ-Win7x64$AJ-Win7x64\testuser
2019-10-25 15:09:09: Created 0 links for AJ-Win7x64$AJ-Win7x64\testuser
2019-10-25 19:08:20: Created 1 links for WIN-C21U8B8KTKE$WIN-C21U8B8KTKE\Administrator
2019-10-25 19:08:32: Created 3 links for WIN-C21U8B8KTKE$WIN-C21U8B8KTKE\Administrator
2019-10-25 19:08:53: Created 1 links for WIN-C21U8B8KTKE$WIN-C21U8B8KTKE\Administrator
2019-10-25 19:09:02: Created 1 links for WIN-C21U8B8KTKE$WIN-C21U8B8KTKE\Administrator
2019-10-25 19:09:08: Created 1 links for WIN-C21U8B8KTKE$WIN-C21U8B8KTKE\Administrator
2019-10-25 19:09:17: Created 1 links for WIN-C21U8B8KTKE$WIN-C21U8B8KTKE\Administrator
2019-10-25 20:06:05: Created 15 links for AJ-Win7x64$AJ-Win7x64\testuser
2019-10-25 20:08:02: Created 0 links for AJ-Win7x64$AJ-Win7x64\testuser
2019-10-25 20:14:08: Created 2 links for AJ-Win7x64$AJ-Win7x64\testuser
2019-10-25 20:15:11: Created 1 links for AJ-Win7x64$AJ-Win7x64\testuser
2019-10-25 20:15:14: Created 2 links for AJ-Win7x64$AJ-Win7x64\testuser
2019-10-25 20:16:23: Created 2 links for AJ-Win7x64$AJ-Win7x64\testuser
2019-10-28 17:28:35: Created 1 links for AJ-Win7x64$AJ-Win7x64\testuser
2019-10-28 17:28:50: Created 0 links for AJ-Win7x64$AJ-Win7x64\testuser
2019-10-28 17:39:30: Created 1 links for AJ-Win7x64$AJ-Win7x64\testuser
2019-10-28 17:39:51: Created 0 links for AJ-Win7x64$AJ-Win7x64\testuser
2019-10-28 17:47:24: Created 1 links for AJ-Win7x64$AJ-Win7x64\testuser
2019-10-28 17:47:57: Created 0 links for AJ-Win7x64$AJ-Win7x64\testuser
2019-10-28 18:30:30: Created 1 links for AJ-Win7x64$AJ-Win7x64\testuser
2019-10-28 18:30:57: Created 0 links for AJ-Win7x64$AJ-Win7x64\testuser
2019-10-28 18:48:25: Created 2 links for AJ-Win7x64$AJ-Win7x64\testuser
2019-10-28 18:49:11: Created 3 links for AJ-Win7x64$AJ-Win7x64\testuser
2019-10-28 18:49:29: Created 2 links for AJ-Win7x64$AJ-Win7x64\testuser
2019-10-28 18:50:44: Created 2 links for AJ-Win7x64$AJ-Win7x64\testuser
2019-10-28 18:50:56: Created 3 links for AJ-Win7x64$AJ-Win7x64\testuser
2019-10-28 18:51:14: Created 2 links for AJ-Win7x64$AJ-Win7x64\testuser
2019-10-28 18:51:26: Created 3 links for AJ-Win7x64$AJ-Win7x64\testuser
2019-10-28 18:51:47: Created 3 links for AJ-Win7x64$AJ-Win7x64\testuser
2019-10-28 18:52:05: Created 1 links for AJ-Win7x64$AJ-Win7x64\testuser
2019-10-28 18:52:11: Created 0 links for AJ-Win7x64$AJ-Win7x64\testuser
2019-10-28 20:39:46: Created 1 links for AJ-Win7x64$AJ-Win7x64\testuser
2019-10-28 20:40:10: Created 0 links for AJ-Win7x64$AJ-Win7x64\testuser
2019-10-29 06:43:23: Created 1 links for AJ-Win7x64$AJ-Win7x64\testuser
2019-10-29 06:44:02: Created 0 links for AJ-Win7x64$AJ-Win7x64\testuser
2019-10-29 06:46:49: Created 2 links for AJ-Win7x64$AJ-Win7x64\testuser
2019-10-29 06:47:16: Created 0 links for AJ-Win7x64$AJ-Win7x64\testuser
2019-10-29 06:52:36: Created 2 links for AJ-Win7x64$AJ-Win7x64\testuser
2019-10-29 06:53:09: Created 0 links for AJ-Win7x64$AJ-Win7x64\testuser
2019-10-29 07:03:29: Created 2 links for AJ-Win7x64$AJ-Win7x64\testuser
2019-10-29 07:04:20: Created 0 links for AJ-Win7x64$AJ-Win7x64\testuser
2019-10-29 07:06:46: Created 2 links for AJ-Win7x64$AJ-Win7x64\testuser
2019-10-29 07:08:40: Created 0 links for AJ-Win7x64$AJ-Win7x64\testuser
2019-10-29 07:13:10: Created 2 links for AJ-Win7x64$AJ-Win7x64\testuser
2019-10-29 07:13:49: Created 0 links for AJ-Win7x64$AJ-Win7x64\testuser
2019-10-29 07:22:20: Created 1 links for AJ-Win7x64$AJ-Win7x64\testuser
2019-10-29 07:22:53: Created 0 links for AJ-Win7x64$AJ-Win7x64\testuser
2019-10-29 08:11:00: Created 1 links for AJ-Win7x64$AJ-Win7x64\testuser
2019-10-29 08:12:03: Created 0 links for AJ-Win7x64$AJ-Win7x64\testuser
2019-10-29 09:31:47: Created 1 links for AJ-Win7x64$AJ-Win7x64\testuser
2019-10-29 09:32:14: Created 0 links for AJ-Win7x64$AJ-Win7x64\testuser
2019-10-29 09:34:53: Created 1 links for AJ-Win7x64$AJ-Win7x64\testuser
2019-10-29 09:35:17: Created 0 links for AJ-Win7x64$AJ-Win7x64\testuser
2019-10-29 09:46:18: Created 1 links for AJ-Win7x64$AJ-Win7x64\testuser
2019-10-29 09:46:25: Created 0 links for AJ-Win7x64$AJ-Win7x64\testuser
2019-10-29 15:52:50: Created 0 links for AJ-Win7x64$AJ-Win7x64\testuser
2019-10-29 15:52:50: Created 0 links for AJ-Win7x64$AJ-Win7x64\testuser
2019-10-29 15:54:58: Created 1 links for AJ-Win7x64$AJ-Win7x64\testuser
2019-10-29 15:55:16: Created 0 links for AJ-Win7x64$AJ-Win7x64\testuser
2019-10-29 16:49:52: Created 1 links for AJ-Win7x64$AJ-Win7x64\testuser
2019-10-29 16:50:34: Created 0 links for AJ-Win7x64$AJ-Win7x64\testuser
2019-10-29 16:54:05: Created 1 links for AJ-Win7x64$AJ-Win7x64\testuser
2019-10-29 16:54:41: Created 0 links for AJ-Win7x64$AJ-Win7x64\testuser
2019-10-29 17:00:20: Created 1 links for AJ-Win7x64$AJ-Win7x64\testuser
2019-10-29 17:00:50: Created 0 links for AJ-Win7x64$AJ-Win7x64\testuser
2019-10-29 17:07:04: Created 1 links for AJ-Win7x64$AJ-Win7x64\testuser
2019-10-29 17:12:43: Created 0 links for AJ-Win7x64$AJ-Win7x64\testuser
2019-10-29 17:14:00: Created 1 links for AJ-Win7x64$AJ-Win7x64\testuser
2019-10-29 17:14:51: Created 0 links for AJ-Win7x64$AJ-Win7x64\testuser
2019-10-29 18:05:18: Created 1 links for AJ-Win7x64$AJ-Win7x64\testuser
2019-10-29 18:06:00: Created 0 links for AJ-Win7x64$AJ-Win7x64\testuser
2019-10-29 18:10:31: Created 1 links for AJ-Win7x64$AJ-Win7x64\testuser
2019-10-29 18:11:04: Created 0 links for AJ-Win7x64$AJ-Win7x64\testuser
2019-10-29 18:15:31: Created 1 links for AJ-Win7x64$AJ-Win7x64\testuser
2019-10-29 18:16:10: Created 0 links for AJ-Win7x64$AJ-Win7x64\testuser
2019-10-30 15:11:23: Created 4 links for AJ-Win7x64$AJ-Win7x64\testuser
2019-10-30 15:11:53: Created 0 links for AJ-Win7x64$AJ-Win7x64\testuser
2019-10-30 16:59:45: Created 1 links for AJ-Win7x64$AJ-Win7x64\testuser
2019-10-30 17:00:03: Created 0 links for AJ-Win7x64$AJ-Win7x64\testuser
2019-10-30 17:03:53: Created 1 links for AJ-Win7x64$AJ-Win7x64\testuser
2019-10-30 17:04:05: Created 0 links for AJ-Win7x64$AJ-Win7x64\testuser
2019-10-30 17:09:46: Created 1 links for AJ-Win7x64$AJ-Win7x64\testuser
2019-10-30 17:10:10: Created 0 links for AJ-Win7x64$AJ-Win7x64\testuser
2019-10-30 17:15:01: Created 1 links for AJ-Win7x64$AJ-Win7x64\testuser
2019-10-30 17:15:13: Created 0 links for AJ-Win7x64$AJ-Win7x64\testuser
2019-10-30 17:23:02: Created 1 links for AJ-Win7x64$AJ-Win7x64\testuser
2019-10-30 17:23:20: Created 0 links for AJ-Win7x64$AJ-Win7x64\testuser
2019-10-30 17:24:58: Created 1 links for AJ-Win7x64$AJ-Win7x64\testuser
2019-10-30 17:25:25: Created 0 links for AJ-Win7x64$AJ-Win7x64\testuser
2019-10-30 17:34:19: Created 1 links for AJ-Win7x64$AJ-Win7x64\testuser
2019-10-30 17:34:34: Created 0 links for AJ-Win7x64$AJ-Win7x64\testuser
2019-10-30 17:42:30: Created 2 links for AJ-Win7x64$AJ-Win7x64\testuser
2019-10-30 17:42:42: Created 1 links for AJ-Win7x64$AJ-Win7x64\testuser
2019-10-30 17:42:48: Created 0 links for AJ-Win7x64$AJ-Win7x64\testuser
2019-10-30 17:55:31: Created 2 links for AJ-Win7x64$AJ-Win7x64\testuser
2019-10-30 17:56:01: Created 1 links for AJ-Win7x64$AJ-Win7x64\testuser
2019-10-30 17:56:07: Created 0 links for AJ-Win7x64$AJ-Win7x64\testuser
2019-10-30 18:41:02: Created 1 links for AJ-Win7x64$AJ-Win7x64\testuser
2019-10-30 18:41:11: Created 0 links for AJ-Win7x64$AJ-Win7x64\testuser
2019-10-30 19:29:09: Created 1 links for WIN-M88DFEG2JT7$WIN-M88DFEG2JT7\Administrator
2019-10-30 19:29:54: Created 0 links for WIN-M88DFEG2JT7$WIN-M88DFEG2JT7\Administrator
2019-10-30 19:44:32: Created 0 links for WIN-M88DFEG2JT7$WIN-M88DFEG2JT7\Administrator
2019-10-30 19:48:30: Created 0 links for WIN-M88DFEG2JT7$WIN-M88DFEG2JT7\Administrator
2019-10-30 19:49:41: Created 3 links for WIN-M88DFEG2JT7$WIN-M88DFEG2JT7\Administrator
2019-10-30 19:50:11: Created 0 links for WIN-M88DFEG2JT7$WIN-M88DFEG2JT7\Administrator
2019-10-30 19:56:35: Created 3 links for WIN-M88DFEG2JT7$WIN-M88DFEG2JT7\Administrator
2019-10-30 19:57:26: Created 0 links for WIN-M88DFEG2JT7$WIN-M88DFEG2JT7\Administrator
2019-10-30 20:11:57: Created 3 links for WIN-M88DFEG2JT7$WIN-M88DFEG2JT7\Administrator
2019-10-30 20:12:39: Created 0 links for WIN-M88DFEG2JT7$WIN-M88DFEG2JT7\Administrator
2019-10-30 20:23:11: Created 1 links for WIN-M88DFEG2JT7$WIN-M88DFEG2JT7\Administrator
2019-10-30 20:23:44: Created 0 links for WIN-M88DFEG2JT7$WIN-M88DFEG2JT7\Administrator
2019-11-04 20:44:49: Created 2 links for dc$MITRE\Administrator
2019-11-04 20:44:50: Created 2 links for files$MITRE\netadmin
2019-11-04 20:44:50: Created 2 links for DSA$MITRE\netadmin
2019-11-04 20:50:02: Created 1 links for dc$MITRE\Administrator
2019-11-04 20:50:02: Created 1 links for files$MITRE\netadmin
2019-11-04 20:50:02: Created 1 links for DSA$MITRE\netadmin
2019-11-04 21:01:07: Created 2 links for dc$MITRE\Administrator
2019-11-04 21:01:07: Created 2 links for files$MITRE\netadmin
2019-11-04 21:01:07: Created 2 links for DSA$MITRE\netadmin
2019-11-04 21:04:41: Created 2 links for dc$MITRE\Administrator
2019-11-04 21:04:41: Created 2 links for files$MITRE\netadmin
2019-11-04 21:04:41: Created 2 links for DSA$MITRE\netadmin
2019-11-04 21:11:03: Created 2 links for dc$MITRE\Administrator
2019-11-04 21:11:03: Created 2 links for files$MITRE\netadmin
2019-11-04 21:11:03: Created 2 links for DSA$MITRE\netadmin
2019-11-04 21:19:53: Created 3 links for dc$MITRE\Administrator
2019-11-04 21:19:53: Created 3 links for files$MITRE\netadmin
2019-11-04 21:19:53: Created 3 links for DSA$MITRE\netadmin
2019-11-04 21:26:12: Created 2 links for dc$MITRE\Administrator
2019-11-04 21:26:12: Created 2 links for files$MITRE\netadmin
2019-11-04 21:26:12: Created 2 links for DSA$MITRE\netadmin
2019-11-04 21:51:44: Created 1 links for dc$MITRE\Administrator
2019-11-04 21:51:44: Created 1 links for files$MITRE\netadmin
2019-11-04 21:51:44: Created 1 links for DSA$MITRE\netadmin
2019-11-04 21:52:47: Created 1 links for dc$MITRE\Administrator
2019-11-04 21:52:47: Created 1 links for files$MITRE\netadmin
2019-11-04 21:52:47: Created 1 links for DSA$MITRE\netadmin
